<?xml version="1.0" encoding="UTF-8"?>
<!-- Generated by org.testng.reporters.JUnitXMLReporter -->
<testsuite ignored="0" hostname="DESKTOP-EI1MF8H" failures="0" tests="7" name="Default test" time="52.82" errors="0" timestamp="2022-02-22T13:08:53 BDT">
  <testcase classname="normalUser.LoginTest" name="randomInput" time="5.585"/>
  <testcase classname="normalUser.LoginTest" name="verifyElemntsOnPageTest" time="0.301"/>
  <testcase classname="normalUser.LoginTest" name="verifyLogin" time="5.492"/>
  <testcase classname="normalUser.LoginTest" name="loginWithoutUsername" time="1.467"/>
  <testcase classname="normalUser.LoginTest" name="loginWithoutPassword" time="1.659"/>
  <testcase classname="normalUser.LoginTest" name="loginWithEmptyField" time="0.283"/>
  <testcase classname="normalUser.LoginTest" name="forgotPassword" time="3.441"/>
</testsuite> <!-- Default test -->
