<?xml version="1.0" encoding="UTF-8"?>
<!-- Generated by org.testng.reporters.JUnitXMLReporter -->
<testsuite ignored="14" hostname="DESKTOP-EI1MF8H" failures="0" tests="1" name="Default test" time="28.527" errors="0" timestamp="2021-12-26T16:14:00 BDT">
  <testcase classname="test.Locations" name="validLocationData" time="16.937"/>
  <testcase classname="test.Locations" name="editLocationInfo" time="0.0">
    <ignored/>
  </testcase> <!-- editLocationInfo -->
  <testcase classname="test.Locations" name="validatePhoneEmailData" time="0.0">
    <ignored/>
  </testcase> <!-- validatePhoneEmailData -->
  <testcase classname="test.Locations" name="addLocation" time="0.0">
    <ignored/>
  </testcase> <!-- addLocation -->
  <testcase classname="test.Locations" name="addContactfromLocation" time="0.0">
    <ignored/>
  </testcase> <!-- addContactfromLocation -->
  <testcase classname="test.Locations" name="validateCancelButton" time="0.0">
    <ignored/>
  </testcase> <!-- validateCancelButton -->
  <testcase classname="test.Locations" name="emptyPatientInfofromLocation" time="0.0">
    <ignored/>
  </testcase> <!-- emptyPatientInfofromLocation -->
  <testcase classname="test.Locations" name="locationList" time="0.0">
    <ignored/>
  </testcase> <!-- locationList -->
  <testcase classname="test.Locations" name="deleteLocationInfo" time="0.0">
    <ignored/>
  </testcase> <!-- deleteLocationInfo -->
  <testcase classname="test.Locations" name="search" time="0.0">
    <ignored/>
  </testcase> <!-- search -->
  <testcase classname="test.Locations" name="loginUser" time="0.0">
    <ignored/>
  </testcase> <!-- loginUser -->
  <testcase classname="test.Locations" name="validateBackButton" time="0.0">
    <ignored/>
  </testcase> <!-- validateBackButton -->
  <testcase classname="test.Locations" name="addContactEmptyLocation" time="0.0">
    <ignored/>
  </testcase> <!-- addContactEmptyLocation -->
  <testcase classname="test.Locations" name="addPatientfromLocation" time="0.0">
    <ignored/>
  </testcase> <!-- addPatientfromLocation -->
  <testcase classname="test.Locations" name="invalidLocationData" time="0.0">
    <ignored/>
  </testcase> <!-- invalidLocationData -->
</testsuite> <!-- Default test -->
