<?xml version="1.0" encoding="UTF-8"?>
<!-- Generated by org.testng.reporters.JUnitXMLReporter -->
<testsuite ignored="4" hostname="DESKTOP-EI1MF8H" failures="0" tests="1" name="Default test" time="43.611" errors="0" timestamp="2022-01-07T23:23:56 BDT">
  <testcase classname="normalUser.Registration" name="validRegistrationTest" time="32.305"/>
  <testcase classname="normalUser.Registration" name="firstNameValidationTest" time="0.0">
    <ignored/>
  </testcase> <!-- firstNameValidationTest -->
  <testcase classname="normalUser.Registration" name="verifyElemntsOnPageTest" time="0.0">
    <ignored/>
  </testcase> <!-- verifyElemntsOnPageTest -->
  <testcase classname="normalUser.Registration" name="emailValidationTest" time="0.0">
    <ignored/>
  </testcase> <!-- emailValidationTest -->
  <testcase classname="normalUser.Registration" name="lastNameValidationTest" time="0.0">
    <ignored/>
  </testcase> <!-- lastNameValidationTest -->
</testsuite> <!-- Default test -->
