<?xml version="1.0" encoding="UTF-8"?>
<!-- Generated by org.testng.reporters.JUnitXMLReporter -->
<testsuite ignored="0" hostname="DESKTOP-EI1MF8H" failures="1" tests="15" name="Chrome - Clients" time="238.583" errors="0" timestamp="2022-02-02T21:44:49 BDT">
  <testcase classname="superAdmin.Clients" name="verifyElemntsOnPageTest" time="0.136"/>
  <testcase classname="superAdmin.Clients" name="login" time="5.422"/>
  <testcase classname="superAdmin.Clients" name="checkClientList" time="5.794"/>
  <testcase classname="superAdmin.Clients" name="checkClientProfile" time="15.76"/>
  <testcase classname="superAdmin.Clients" name="changeStatusToInactive" time="16.389">
    <failure type="java.lang.AssertionError" message="expected [true] but found [false]">
      <![CDATA[java.lang.AssertionError: expected [true] but found [false]
at superAdmin.Clients.changeStatusToInactive(Clients.java:227)
at java.base/java.util.ArrayList.forEach(ArrayList.java:1541)
at java.base/java.util.concurrent.FutureTask.run(FutureTask.java:264)
at java.base/java.util.concurrent.ThreadPoolExecutor.runWorker(ThreadPoolExecutor.java:1128)
at java.base/java.util.concurrent.ThreadPoolExecutor$Worker.run(ThreadPoolExecutor.java:628)
at java.base/java.lang.Thread.run(Thread.java:834)
... Removed 22 stack frames]]>
    </failure>
  </testcase> <!-- changeStatusToInactive -->
  <testcase classname="superAdmin.Clients" name="changeStatusToActive" time="16.53"/>
  <testcase classname="superAdmin.Clients" name="checkLocationStatus" time="25.919"/>
  <testcase classname="superAdmin.Clients" name="checkPatientStatus" time="25.906"/>
  <testcase classname="superAdmin.Clients" name="checkUserStatus" time="15.873"/>
  <testcase classname="superAdmin.Clients" name="search" time="8.996"/>
  <testcase classname="superAdmin.Clients" name="checkClientTypeList" time="8.835"/>
  <testcase classname="superAdmin.Clients" name="addNewClientGroup" time="8.741"/>
  <testcase classname="superAdmin.Clients" name="editClientGroup" time="8.681"/>
  <testcase classname="superAdmin.Clients" name="nameSort" time="5.971"/>
  <testcase classname="superAdmin.Clients" name="typeSort" time="5.929"/>
</testsuite> <!-- Chrome - Clients -->
