<html>
<head>
<title>TestNG:  Chrome</title>
<link href="../testng.css" rel="stylesheet" type="text/css" />
<link href="../my-testng.css" rel="stylesheet" type="text/css" />

<style type="text/css">
.log { display: none;} 
.stack-trace { display: none;} 
</style>
<script type="text/javascript">
<!--
function flip(e) {
  current = e.style.display;
  if (current == 'block') {
    e.style.display = 'none';
    return 0;
  }
  else {
    e.style.display = 'block';
    return 1;
  }
}

function toggleBox(szDivId, elem, msg1, msg2)
{
  var res = -1;  if (document.getElementById) {
    res = flip(document.getElementById(szDivId));
  }
  else if (document.all) {
    // this is the way old msie versions work
    res = flip(document.all[szDivId]);
  }
  if(elem) {
    if(res == 0) elem.innerHTML = msg1; else elem.innerHTML = msg2;
  }

}

function toggleAllBoxes() {
  if (document.getElementsByTagName) {
    d = document.getElementsByTagName('div');
    for (i = 0; i < d.length; i++) {
      if (d[i].className == 'log') {
        flip(d[i]);
      }
    }
  }
}

// -->
</script>

</head>
<body>
<h2 align='center'>Chrome</h2><table border='1' align="center">
<tr>
<td>Tests passed/Failed/Skipped:</td><td>17/2/0</td>
</tr><tr>
<td>Started on:</td><td>Sun Dec 26 15:02:47 BDT 2021</td>
</tr>
<tr><td>Total time:</td><td>252 seconds (252595 ms)</td>
</tr><tr>
<td>Included groups:</td><td></td>
</tr><tr>
<td>Excluded groups:</td><td></td>
</tr>
</table><p/>
<small><i>(Hover the method name to see the test class name)</i></small><p/>
<table width='100%' border='1' class='invocation-failed'>
<tr><td colspan='4' align='center'><b>FAILED TESTS</b></td></tr>
<tr><td><b>Test method</b></td>
<td width="30%"><b>Exception</b></td>
<td width="10%"><b>Time (seconds)</b></td>
<td><b>Instance</b></td>
</tr>
<tr>
<td title='superAdmin.Clients.editClientGroup()'><b>editClientGroup</b><br>Test class: superAdmin.Clients</td>
<td><div><pre>org.openqa.selenium.TimeoutException: Expected condition failed: waiting for visibility of element located by By.xpath: //span[normalize-space()=&apos;New Test Group&apos;] (tried for 10 second(s) with 500 milliseconds interval)
Build info: version: &apos;4.0.0&apos;, revision: &apos;3a21814679&apos;
System info: host: &apos;DESKTOP-EI1MF8H&apos;, ip: &apos;192.168.31.17&apos;, os.name: &apos;Windows 10&apos;, os.arch: &apos;amd64&apos;, os.version: &apos;10.0&apos;, java.version: &apos;17.0.1&apos;
Driver info: org.openqa.selenium.remote.RemoteWebDriver
Capabilities {acceptInsecureCerts: false, browserName: chrome, browserVersion: 96.0.4664.110, chrome: {chromedriverVersion: 96.0.4664.45 (76e4c1bb2ab46..., userDataDir: C:\Users\tahni\AppData\Loca...}, goog:chromeOptions: {debuggerAddress: localhost:51045}, javascriptEnabled: true, networkConnectionEnabled: false, pageLoadStrategy: normal, platform: WINDOWS, platformName: WINDOWS, proxy: Proxy(), setWindowRect: true, strictFileInteractability: false, timeouts: {implicit: 0, pageLoad: 300000, script: 30000}, unhandledPromptBehavior: dismiss and notify, webauthn:extension:credBlob: true, webauthn:extension:largeBlob: true, webauthn:virtualAuthenticators: true}
Session ID: d79bc7e52e01eaa0743b0b1542006d1a
	at org.openqa.selenium.support.ui.WebDriverWait.timeoutException(WebDriverWait.java:138)
	at org.openqa.selenium.support.ui.FluentWait.until(FluentWait.java:231)
	at superAdmin.Clients.editClientGroup(Clients.java:319)
	at java.base/java.util.ArrayList.forEach(ArrayList.java:1511)
	at java.base/java.util.concurrent.FutureTask.run(FutureTask.java:264)
	at java.base/java.util.concurrent.ThreadPoolExecutor.runWorker(ThreadPoolExecutor.java:1136)
	at java.base/java.util.concurrent.ThreadPoolExecutor$Worker.run(ThreadPoolExecutor.java:635)
	at java.base/java.lang.Thread.run(Thread.java:833)
... Removed 18 stack frames</pre></div><a href='#' onClick='toggleBox("stack-trace1916108660", this, "Click to show all stack frames", "Click to hide stack frames")'>Click to show all stack frames</a>
<div class='stack-trace' id='stack-trace1916108660'><pre>org.openqa.selenium.TimeoutException: Expected condition failed: waiting for visibility of element located by By.xpath: //span[normalize-space()=&apos;New Test Group&apos;] (tried for 10 second(s) with 500 milliseconds interval)
Build info: version: &apos;4.0.0&apos;, revision: &apos;3a21814679&apos;
System info: host: &apos;DESKTOP-EI1MF8H&apos;, ip: &apos;192.168.31.17&apos;, os.name: &apos;Windows 10&apos;, os.arch: &apos;amd64&apos;, os.version: &apos;10.0&apos;, java.version: &apos;17.0.1&apos;
Driver info: org.openqa.selenium.remote.RemoteWebDriver
Capabilities {acceptInsecureCerts: false, browserName: chrome, browserVersion: 96.0.4664.110, chrome: {chromedriverVersion: 96.0.4664.45 (76e4c1bb2ab46..., userDataDir: C:\Users\tahni\AppData\Loca...}, goog:chromeOptions: {debuggerAddress: localhost:51045}, javascriptEnabled: true, networkConnectionEnabled: false, pageLoadStrategy: normal, platform: WINDOWS, platformName: WINDOWS, proxy: Proxy(), setWindowRect: true, strictFileInteractability: false, timeouts: {implicit: 0, pageLoad: 300000, script: 30000}, unhandledPromptBehavior: dismiss and notify, webauthn:extension:credBlob: true, webauthn:extension:largeBlob: true, webauthn:virtualAuthenticators: true}
Session ID: d79bc7e52e01eaa0743b0b1542006d1a
	at org.openqa.selenium.support.ui.WebDriverWait.timeoutException(WebDriverWait.java:138)
	at org.openqa.selenium.support.ui.FluentWait.until(FluentWait.java:231)
	at superAdmin.Clients.editClientGroup(Clients.java:319)
	at java.base/jdk.internal.reflect.NativeMethodAccessorImpl.invoke0(Native Method)
	at java.base/jdk.internal.reflect.NativeMethodAccessorImpl.invoke(NativeMethodAccessorImpl.java:77)
	at java.base/jdk.internal.reflect.DelegatingMethodAccessorImpl.invoke(DelegatingMethodAccessorImpl.java:43)
	at java.base/java.lang.reflect.Method.invoke(Method.java:568)
	at org.testng.internal.MethodInvocationHelper.invokeMethod(MethodInvocationHelper.java:133)
	at org.testng.internal.TestInvoker.invokeMethod(TestInvoker.java:598)
	at org.testng.internal.TestInvoker.invokeTestMethod(TestInvoker.java:173)
	at org.testng.internal.MethodRunner.runInSequence(MethodRunner.java:46)
	at org.testng.internal.TestInvoker$MethodInvocationAgent.invoke(TestInvoker.java:824)
	at org.testng.internal.TestInvoker.invokeTestMethods(TestInvoker.java:146)
	at org.testng.internal.TestMethodWorker.invokeTestMethods(TestMethodWorker.java:146)
	at org.testng.internal.TestMethodWorker.run(TestMethodWorker.java:128)
	at java.base/java.util.ArrayList.forEach(ArrayList.java:1511)
	at org.testng.TestRunner.privateRun(TestRunner.java:794)
	at org.testng.TestRunner.run(TestRunner.java:596)
	at org.testng.SuiteRunner.runTest(SuiteRunner.java:377)
	at org.testng.SuiteRunner.access$000(SuiteRunner.java:28)
	at org.testng.SuiteRunner$SuiteWorker.run(SuiteRunner.java:418)
	at org.testng.internal.thread.ThreadUtil.lambda$execute$0(ThreadUtil.java:64)
	at java.base/java.util.concurrent.FutureTask.run(FutureTask.java:264)
	at java.base/java.util.concurrent.ThreadPoolExecutor.runWorker(ThreadPoolExecutor.java:1136)
	at java.base/java.util.concurrent.ThreadPoolExecutor$Worker.run(ThreadPoolExecutor.java:635)
	at java.base/java.lang.Thread.run(Thread.java:833)
</pre></div></td>
<td>15</td>
<td>superAdmin.Clients@4fb0f2b9</td></tr>
<tr>
<td title='superAdmin.Clients.checkClientList()'><b>checkClientList</b><br>Test class: superAdmin.Clients</td>
<td><div><pre>java.lang.AssertionError: expected [https://dev.zntral.net/clients] but found [https://dev.zntral.net/dashboard]
	at superAdmin.Clients.checkClientList(Clients.java:143)
	at java.base/java.util.ArrayList.forEach(ArrayList.java:1511)
	at java.base/java.util.concurrent.FutureTask.run(FutureTask.java:264)
	at java.base/java.util.concurrent.ThreadPoolExecutor.runWorker(ThreadPoolExecutor.java:1136)
	at java.base/java.util.concurrent.ThreadPoolExecutor$Worker.run(ThreadPoolExecutor.java:635)
	at java.base/java.lang.Thread.run(Thread.java:833)
... Removed 24 stack frames</pre></div><a href='#' onClick='toggleBox("stack-trace353076290", this, "Click to show all stack frames", "Click to hide stack frames")'>Click to show all stack frames</a>
<div class='stack-trace' id='stack-trace353076290'><pre>java.lang.AssertionError: expected [https://dev.zntral.net/clients] but found [https://dev.zntral.net/dashboard]
	at org.testng.Assert.fail(Assert.java:99)
	at org.testng.Assert.failNotEquals(Assert.java:1037)
	at org.testng.Assert.assertEqualsImpl(Assert.java:140)
	at org.testng.Assert.assertEquals(Assert.java:122)
	at org.testng.Assert.assertEquals(Assert.java:629)
	at org.testng.Assert.assertEquals(Assert.java:639)
	at superAdmin.Clients.checkClientList(Clients.java:143)
	at java.base/jdk.internal.reflect.NativeMethodAccessorImpl.invoke0(Native Method)
	at java.base/jdk.internal.reflect.NativeMethodAccessorImpl.invoke(NativeMethodAccessorImpl.java:77)
	at java.base/jdk.internal.reflect.DelegatingMethodAccessorImpl.invoke(DelegatingMethodAccessorImpl.java:43)
	at java.base/java.lang.reflect.Method.invoke(Method.java:568)
	at org.testng.internal.MethodInvocationHelper.invokeMethod(MethodInvocationHelper.java:133)
	at org.testng.internal.TestInvoker.invokeMethod(TestInvoker.java:598)
	at org.testng.internal.TestInvoker.invokeTestMethod(TestInvoker.java:173)
	at org.testng.internal.MethodRunner.runInSequence(MethodRunner.java:46)
	at org.testng.internal.TestInvoker$MethodInvocationAgent.invoke(TestInvoker.java:824)
	at org.testng.internal.TestInvoker.invokeTestMethods(TestInvoker.java:146)
	at org.testng.internal.TestMethodWorker.invokeTestMethods(TestMethodWorker.java:146)
	at org.testng.internal.TestMethodWorker.run(TestMethodWorker.java:128)
	at java.base/java.util.ArrayList.forEach(ArrayList.java:1511)
	at org.testng.TestRunner.privateRun(TestRunner.java:794)
	at org.testng.TestRunner.run(TestRunner.java:596)
	at org.testng.SuiteRunner.runTest(SuiteRunner.java:377)
	at org.testng.SuiteRunner.access$000(SuiteRunner.java:28)
	at org.testng.SuiteRunner$SuiteWorker.run(SuiteRunner.java:418)
	at org.testng.internal.thread.ThreadUtil.lambda$execute$0(ThreadUtil.java:64)
	at java.base/java.util.concurrent.FutureTask.run(FutureTask.java:264)
	at java.base/java.util.concurrent.ThreadPoolExecutor.runWorker(ThreadPoolExecutor.java:1136)
	at java.base/java.util.concurrent.ThreadPoolExecutor$Worker.run(ThreadPoolExecutor.java:635)
	at java.base/java.lang.Thread.run(Thread.java:833)
</pre></div></td>
<td>5</td>
<td>superAdmin.Clients@4fb0f2b9</td></tr>
</table><p>
<table width='100%' border='1' class='invocation-passed'>
<tr><td colspan='4' align='center'><b>PASSED TESTS</b></td></tr>
<tr><td><b>Test method</b></td>
<td width="30%"><b>Exception</b></td>
<td width="10%"><b>Time (seconds)</b></td>
<td><b>Instance</b></td>
</tr>
<tr>
<td title='superAdmin.Clients.addNewClientGroup()'><b>addNewClientGroup</b><br>Test class: superAdmin.Clients</td>
<td></td>
<td>8</td>
<td>superAdmin.Clients@4fb0f2b9</td></tr>
<tr>
<td title='superAdmin.Login.loginWithoutPassword()'><b>loginWithoutPassword</b><br>Test class: superAdmin.Login</td>
<td></td>
<td>1</td>
<td>superAdmin.Login@5ffead27</td></tr>
<tr>
<td title='superAdmin.Clients.changeStatusToInactive()'><b>changeStatusToInactive</b><br>Test class: superAdmin.Clients</td>
<td></td>
<td>16</td>
<td>superAdmin.Clients@4fb0f2b9</td></tr>
<tr>
<td title='superAdmin.Clients.login()'><b>login</b><br>Test class: superAdmin.Clients</td>
<td></td>
<td>5</td>
<td>superAdmin.Clients@4fb0f2b9</td></tr>
<tr>
<td title='superAdmin.Clients.search()'><b>search</b><br>Test class: superAdmin.Clients</td>
<td></td>
<td>8</td>
<td>superAdmin.Clients@4fb0f2b9</td></tr>
<tr>
<td title='superAdmin.Clients.changeStatusToActive()'><b>changeStatusToActive</b><br>Test class: superAdmin.Clients</td>
<td></td>
<td>16</td>
<td>superAdmin.Clients@4fb0f2b9</td></tr>
<tr>
<td title='superAdmin.Login.verifyLogin()'><b>verifyLogin</b><br>Test class: superAdmin.Login</td>
<td></td>
<td>5</td>
<td>superAdmin.Login@5ffead27</td></tr>
<tr>
<td title='superAdmin.Clients.checkClientProfile()'><b>checkClientProfile</b><br>Test class: superAdmin.Clients</td>
<td></td>
<td>15</td>
<td>superAdmin.Clients@4fb0f2b9</td></tr>
<tr>
<td title='superAdmin.Login.invalidLoginInfo()'><b>invalidLoginInfo</b><br>Test class: superAdmin.Login</td>
<td></td>
<td>5</td>
<td>superAdmin.Login@5ffead27</td></tr>
<tr>
<td title='superAdmin.Clients.verifyElemntsOnPageTest()'><b>verifyElemntsOnPageTest</b><br>Test class: superAdmin.Clients</td>
<td></td>
<td>0</td>
<td>superAdmin.Clients@4fb0f2b9</td></tr>
<tr>
<td title='superAdmin.Clients.checkClientTypeList()'><b>checkClientTypeList</b><br>Test class: superAdmin.Clients</td>
<td></td>
<td>8</td>
<td>superAdmin.Clients@4fb0f2b9</td></tr>
<tr>
<td title='superAdmin.Login.loginWithoutUsername()'><b>loginWithoutUsername</b><br>Test class: superAdmin.Login</td>
<td></td>
<td>1</td>
<td>superAdmin.Login@5ffead27</td></tr>
<tr>
<td title='superAdmin.Login.verifyElemntsOnPageTest()'><b>verifyElemntsOnPageTest</b><br>Test class: superAdmin.Login</td>
<td></td>
<td>0</td>
<td>superAdmin.Login@5ffead27</td></tr>
<tr>
<td title='superAdmin.Clients.typeSort()'><b>typeSort</b><br>Test class: superAdmin.Clients</td>
<td></td>
<td>5</td>
<td>superAdmin.Clients@4fb0f2b9</td></tr>
<tr>
<td title='superAdmin.Clients.checkPatientStatus()'><b>checkPatientStatus</b><br>Test class: superAdmin.Clients</td>
<td></td>
<td>16</td>
<td>superAdmin.Clients@4fb0f2b9</td></tr>
<tr>
<td title='superAdmin.Clients.checkLocationStatus()'><b>checkLocationStatus</b><br>Test class: superAdmin.Clients</td>
<td></td>
<td>26</td>
<td>superAdmin.Clients@4fb0f2b9</td></tr>
<tr>
<td title='superAdmin.Clients.nameSort()'><b>nameSort</b><br>Test class: superAdmin.Clients</td>
<td></td>
<td>5</td>
<td>superAdmin.Clients@4fb0f2b9</td></tr>
</table><p>
</body>
</html>