<?xml version="1.0" encoding="UTF-8"?>
<!-- Generated by org.testng.reporters.JUnitXMLReporter -->
<testsuite ignored="0" hostname="DESKTOP-EI1MF8H" failures="1" tests="29" name="Chrome" time="603.778" errors="0" timestamp="2021-12-28T16:34:18 BDT">
  <testcase classname="test.Contacts" name="loginUser" time="5.62"/>
  <testcase classname="test.Users" name="loginUser" time="5.513"/>
  <testcase classname="test.User_Profile" name="loginUser" time="5.54"/>
  <testcase classname="test.Contacts" name="contactList" time="8.679"/>
  <testcase classname="test.Users" name="userList" time="10.708"/>
  <testcase classname="test.User_Profile" name="userProfile" time="10.761"/>
  <testcase classname="test.User_Profile" name="addPhone" time="21.093"/>
  <testcase classname="test.Users" name="addUser" time="20.182"/>
  <testcase classname="test.Contacts" name="search" time="14.782"/>
  <testcase classname="test.Contacts" name="addContact" time="10.882"/>
  <testcase classname="test.User_Profile" name="addGender" time="17.016"/>
  <testcase classname="test.Users" name="validUserData" time="28.735"/>
  <testcase classname="test.Users" name="existedUser" time="24.753"/>
  <testcase classname="test.User_Profile" name="updateEmail" time="19.469"/>
  <testcase classname="test.Contacts" name="validContactData" time="18.95">
    <failure type="java.lang.AssertionError" message="expected [true] but found [false]">
      <![CDATA[java.lang.AssertionError: expected [true] but found [false]
at test.Contacts.validContactData(Contacts.java:211)
at java.base/java.util.ArrayList.forEach(ArrayList.java:1511)
at java.base/java.util.concurrent.FutureTask.run(FutureTask.java:264)
at java.base/java.util.concurrent.ThreadPoolExecutor.runWorker(ThreadPoolExecutor.java:1136)
at java.base/java.util.concurrent.ThreadPoolExecutor$Worker.run(ThreadPoolExecutor.java:635)
at java.base/java.lang.Thread.run(Thread.java:833)
... Removed 22 stack frames]]>
    </failure>
  </testcase> <!-- validContactData -->
  <testcase classname="test.User_Profile" name="addAddress" time="24.474"/>
  <testcase classname="test.Contacts" name="emptyContactData" time="21.409"/>
  <testcase classname="test.Users" name="validateNewUser" time="24.436"/>
  <testcase classname="test.User_Profile" name="changePassword" time="20.885"/>
  <testcase classname="test.Contacts" name="editContact" time="19.989"/>
  <testcase classname="test.Users" name="resetButton" time="25.736"/>
  <testcase classname="test.Users" name="cancelButton" time="22.229"/>
  <testcase classname="test.Contacts" name="removeContact" time="14.238"/>
  <testcase classname="test.Contacts" name="cancelAddNewForm" time="11.056"/>
  <testcase classname="test.Users" name="closeButton" time="22.181"/>
  <testcase classname="test.Contacts" name="closeAddNewForm" time="10.987"/>
  <testcase classname="test.Users" name="search" time="15.953"/>
  <testcase classname="test.Contacts" name="closeEditForm" time="12.386"/>
  <testcase classname="test.Users" name="profileOfUser" time="15.841"/>
</testsuite> <!-- Chrome -->
