<?xml version="1.0" encoding="UTF-8"?>
<!-- Generated by org.testng.reporters.JUnitXMLReporter -->
<testsuite ignored="0" hostname="DESKTOP-EI1MF8H" failures="0" tests="4" name="Regression 1" time="45.43" errors="0" timestamp="2021-11-13T01:37:53 BDT">
  <testcase classname="test.LoginTest" name="loginWithoutPassword" time="2.663"/>
  <testcase classname="test.LoginTest" name="loginWithoutUsername" time="2.248"/>
  <testcase classname="test.LoginTest" name="verifyElemntsOnPageTest" time="0.07"/>
  <testcase classname="test.LoginTest" name="verifyLogin" time="7.461"/>
</testsuite> <!-- Regression 1 -->
