<?xml version="1.0" encoding="UTF-8"?>
<!-- Generated by org.testng.reporters.JUnitXMLReporter -->
<testsuite ignored="0" hostname="DESKTOP-EI1MF8H" failures="0" tests="14" name="Super Admin" time="7.299" errors="0" timestamp="2022-01-02T22:13:07 BDT">
  <testcase classname="superAdmin.Clients" name="@BeforeTest setup" time="7.151">
    <failure type="org.openqa.selenium.SessionNotCreatedException" message="Could not start a new session. Response code 500. Message: Unable to create new service: GeckoDriverService
Build info: version: &amp;apos;3.5.3&amp;apos;, revision: &amp;apos;a88d25fe6b&amp;apos;, time: &amp;apos;2017-08-29T12:54:15.039Z&amp;apos;
System info: host: &amp;apos;DESKTOP-EI1MF8H&amp;apos;, ip: &amp;apos;192.168.31.17&amp;apos;, os.name: &amp;apos;Windows 10&amp;apos;, os.arch: &amp;apos;amd64&amp;apos;, os.version: &amp;apos;10.0&amp;apos;, java.version: &amp;apos;17.0.1&amp;apos;
Driver info: driver.version: unknown
Build info: version: &amp;apos;4.0.0&amp;apos;, revision: &amp;apos;3a21814679&amp;apos;
System info: host: &amp;apos;DESKTOP-EI1MF8H&amp;apos;, ip: &amp;apos;192.168.31.17&amp;apos;, os.name: &amp;apos;Windows 10&amp;apos;, os.arch: &amp;apos;amd64&amp;apos;, os.version: &amp;apos;10.0&amp;apos;, java.version: &amp;apos;17.0.1&amp;apos;
Driver info: org.openqa.selenium.remote.RemoteWebDriver
Command: [null, newSession {capabilities=[Capabilities {acceptInsecureCerts: true, browserName: firefox, moz:debuggerAddress: true, moz:firefoxOptions: {}}], desiredCapabilities=Capabilities {acceptInsecureCerts: true, browserName: firefox, moz:debuggerAddress: true, moz:firefoxOptions: {}}}]
Capabilities {}">
      <![CDATA[org.openqa.selenium.SessionNotCreatedException: Could not start a new session. Response code 500. Message: Unable to create new service: GeckoDriverService
Build info: version: '3.5.3', revision: 'a88d25fe6b', time: '2017-08-29T12:54:15.039Z'
System info: host: 'DESKTOP-EI1MF8H', ip: '192.168.31.17', os.name: 'Windows 10', os.arch: 'amd64', os.version: '10.0', java.version: '17.0.1'
Driver info: driver.version: unknown
Build info: version: '4.0.0', revision: '3a21814679'
System info: host: 'DESKTOP-EI1MF8H', ip: '192.168.31.17', os.name: 'Windows 10', os.arch: 'amd64', os.version: '10.0', java.version: '17.0.1'
Driver info: org.openqa.selenium.remote.RemoteWebDriver
Command: [null, newSession {capabilities=[Capabilities {acceptInsecureCerts: true, browserName: firefox, moz:debuggerAddress: true, moz:firefoxOptions: {}}], desiredCapabilities=Capabilities {acceptInsecureCerts: true, browserName: firefox, moz:debuggerAddress: true, moz:firefoxOptions: {}}}]
Capabilities {}
at org.openqa.selenium.remote.ProtocolHandshake.createSession(ProtocolHandshake.java:126)
at org.openqa.selenium.remote.ProtocolHandshake.createSession(ProtocolHandshake.java:84)
at org.openqa.selenium.remote.ProtocolHandshake.createSession(ProtocolHandshake.java:62)
at org.openqa.selenium.remote.HttpCommandExecutor.execute(HttpCommandExecutor.java:156)
at org.openqa.selenium.remote.TracedCommandExecutor.execute(TracedCommandExecutor.java:39)
at org.openqa.selenium.remote.RemoteWebDriver.execute(RemoteWebDriver.java:559)
at org.openqa.selenium.remote.RemoteWebDriver.startSession(RemoteWebDriver.java:246)
at org.openqa.selenium.remote.RemoteWebDriver.<init>(RemoteWebDriver.java:168)
at org.openqa.selenium.remote.RemoteWebDriver.<init>(RemoteWebDriver.java:146)
at superAdmin.Clients.setup(Clients.java:69)
at java.base/java.util.concurrent.FutureTask.run(FutureTask.java:264)
at java.base/java.util.concurrent.ThreadPoolExecutor.runWorker(ThreadPoolExecutor.java:1136)
at java.base/java.util.concurrent.ThreadPoolExecutor$Worker.run(ThreadPoolExecutor.java:635)
at java.base/java.lang.Thread.run(Thread.java:833)
... Removed 15 stack frames]]>
    </failure>
  </testcase> <!-- @BeforeTest setup -->
  <testcase classname="superAdmin.Clients" name="@BeforeMethod openBrowser" time="-1.641139987474E9">
    <skipped/>
  </testcase> <!-- @BeforeMethod openBrowser -->
  <testcase classname="superAdmin.Clients" name="@BeforeMethod openBrowser" time="-1.641139987485E9">
    <skipped/>
  </testcase> <!-- @BeforeMethod openBrowser -->
  <testcase classname="superAdmin.Clients" name="@BeforeMethod openBrowser" time="-1.641139987492E9">
    <skipped/>
  </testcase> <!-- @BeforeMethod openBrowser -->
  <testcase classname="superAdmin.Clients" name="@BeforeMethod openBrowser" time="-1.641139987499E9">
    <skipped/>
  </testcase> <!-- @BeforeMethod openBrowser -->
  <testcase classname="superAdmin.Clients" name="@BeforeMethod openBrowser" time="-1.641139987507E9">
    <skipped/>
  </testcase> <!-- @BeforeMethod openBrowser -->
  <testcase classname="superAdmin.Clients" name="@BeforeMethod openBrowser" time="-1.641139987514E9">
    <skipped/>
  </testcase> <!-- @BeforeMethod openBrowser -->
  <testcase classname="superAdmin.Clients" name="@BeforeMethod openBrowser" time="-1.641139987527E9">
    <skipped/>
  </testcase> <!-- @BeforeMethod openBrowser -->
  <testcase classname="superAdmin.Clients" name="@BeforeMethod openBrowser" time="-1.641139987537E9">
    <skipped/>
  </testcase> <!-- @BeforeMethod openBrowser -->
  <testcase classname="superAdmin.Clients" name="@BeforeMethod openBrowser" time="-1.641139987545E9">
    <skipped/>
  </testcase> <!-- @BeforeMethod openBrowser -->
  <testcase classname="superAdmin.Clients" name="@BeforeMethod openBrowser" time="-1.641139987554E9">
    <skipped/>
  </testcase> <!-- @BeforeMethod openBrowser -->
  <testcase classname="superAdmin.Clients" name="@BeforeMethod openBrowser" time="-1.64113998756E9">
    <skipped/>
  </testcase> <!-- @BeforeMethod openBrowser -->
  <testcase classname="superAdmin.Clients" name="@BeforeMethod openBrowser" time="-1.641139987565E9">
    <skipped/>
  </testcase> <!-- @BeforeMethod openBrowser -->
  <testcase classname="superAdmin.Clients" name="@BeforeMethod openBrowser" time="-1.641139987569E9">
    <skipped/>
  </testcase> <!-- @BeforeMethod openBrowser -->
  <testcase classname="superAdmin.Clients" name="@BeforeMethod openBrowser" time="-1.641139987574E9">
    <skipped/>
  </testcase> <!-- @BeforeMethod openBrowser -->
  <testcase classname="superAdmin.Clients" name="@AfterTest tearDown" time="-1.641139987579E9">
    <skipped/>
  </testcase> <!-- @AfterTest tearDown -->
  <testcase classname="superAdmin.Clients" name="verifyElemntsOnPageTest" time="0.0">
    <skipped/>
  </testcase> <!-- verifyElemntsOnPageTest -->
  <testcase classname="superAdmin.Clients" name="login" time="0.0">
    <skipped/>
  </testcase> <!-- login -->
  <testcase classname="superAdmin.Clients" name="checkClientList" time="0.0">
    <skipped/>
  </testcase> <!-- checkClientList -->
  <testcase classname="superAdmin.Clients" name="checkClientProfile" time="0.0">
    <skipped/>
  </testcase> <!-- checkClientProfile -->
  <testcase classname="superAdmin.Clients" name="changeStatusToInactive" time="0.0">
    <skipped/>
  </testcase> <!-- changeStatusToInactive -->
  <testcase classname="superAdmin.Clients" name="changeStatusToActive" time="0.0">
    <skipped/>
  </testcase> <!-- changeStatusToActive -->
  <testcase classname="superAdmin.Clients" name="checkLocationStatus" time="0.0">
    <skipped/>
  </testcase> <!-- checkLocationStatus -->
  <testcase classname="superAdmin.Clients" name="checkPatientStatus" time="0.0">
    <skipped/>
  </testcase> <!-- checkPatientStatus -->
  <testcase classname="superAdmin.Clients" name="search" time="0.0">
    <skipped/>
  </testcase> <!-- search -->
  <testcase classname="superAdmin.Clients" name="checkClientTypeList" time="0.0">
    <skipped/>
  </testcase> <!-- checkClientTypeList -->
  <testcase classname="superAdmin.Clients" name="addNewClientGroup" time="0.0">
    <skipped/>
  </testcase> <!-- addNewClientGroup -->
  <testcase classname="superAdmin.Clients" name="editClientGroup" time="0.0">
    <skipped/>
  </testcase> <!-- editClientGroup -->
  <testcase classname="superAdmin.Clients" name="nameSort" time="0.0">
    <skipped/>
  </testcase> <!-- nameSort -->
  <testcase classname="superAdmin.Clients" name="typeSort" time="0.0">
    <skipped/>
  </testcase> <!-- typeSort -->
</testsuite> <!-- Super Admin -->
