<?xml version="1.0" encoding="UTF-8"?>
<!-- Generated by org.testng.reporters.JUnitXMLReporter -->
<testsuite ignored="0" hostname="DESKTOP-EI1MF8H" failures="0" tests="5" name="Super Admin" time="147.76" errors="0" timestamp="2022-01-12T19:49:23 BDT">
  <testcase classname="superAdmin.Login" name="verifyElemntsOnPageTest" time="3.377"/>
  <testcase classname="superAdmin.Login" name="verifyLogin" time="7.446"/>
  <testcase classname="superAdmin.Login" name="loginWithoutUsername" time="2.227"/>
  <testcase classname="superAdmin.Login" name="loginWithoutPassword" time="0.983"/>
  <testcase classname="superAdmin.Login" name="invalidLoginInfo" time="6.375"/>
</testsuite> <!-- Super Admin -->
