<?xml version="1.0" encoding="UTF-8"?>
<testng-results ignored="14" total="15" passed="1" failed="0" skipped="0">
  <reporter-output>
  </reporter-output>
  <suite started-at="2021-12-26T16:13:32 BDT" name="Default suite" finished-at="2021-12-26T16:14:00 BDT" duration-ms="28527">
    <groups>
    </groups>
    <test started-at="2021-12-26T16:13:32 BDT" name="Default test" finished-at="2021-12-26T16:14:00 BDT" duration-ms="28527">
      <class name="test.Locations">
        <test-method is-config="true" signature="beforeSuit()[pri:0, instance:test.Locations@44ebcd03]" started-at="2021-12-26T16:13:32 BDT" name="beforeSuit" finished-at="2021-12-26T16:13:32 BDT" duration-ms="7" status="PASS">
          <reporter-output>
          </reporter-output>
        </test-method> <!-- beforeSuit -->
        <test-method is-config="true" signature="setup()[pri:0, instance:test.Locations@44ebcd03]" started-at="2021-12-26T16:13:32 BDT" name="setup" finished-at="2021-12-26T16:13:33 BDT" duration-ms="1844" status="PASS">
          <reporter-output>
          </reporter-output>
        </test-method> <!-- setup -->
        <test-method is-config="true" signature="openBrowser()[pri:0, instance:test.Locations@44ebcd03]" started-at="2021-12-26T16:13:33 BDT" name="openBrowser" finished-at="2021-12-26T16:13:43 BDT" duration-ms="9592" status="PASS">
          <reporter-output>
          </reporter-output>
        </test-method> <!-- openBrowser -->
        <test-method signature="validLocationData()[pri:0, instance:test.Locations@44ebcd03]" started-at="2021-12-26T16:13:43 BDT" name="validLocationData" finished-at="2021-12-26T16:14:00 BDT" duration-ms="16937" status="PASS">
          <reporter-output>
          </reporter-output>
        </test-method> <!-- validLocationData -->
        <test-method is-config="true" signature="tearDown()[pri:0, instance:test.Locations@44ebcd03]" started-at="2021-12-26T16:14:00 BDT" name="tearDown" finished-at="2021-12-26T16:14:00 BDT" duration-ms="113" status="PASS">
          <reporter-output>
          </reporter-output>
        </test-method> <!-- tearDown -->
      </class> <!-- test.Locations -->
    </test> <!-- Default test -->
  </suite> <!-- Default suite -->
</testng-results>
