<?xml version="1.0" encoding="UTF-8"?>
<testng-results ignored="25" total="26" passed="1" failed="0" skipped="0">
  <reporter-output>
  </reporter-output>
  <suite started-at="2022-05-15T15:33:46 BDT" name="Default suite" finished-at="2022-05-15T15:34:07 BDT" duration-ms="21143">
    <groups>
    </groups>
    <test started-at="2022-05-15T15:33:46 BDT" name="Default test" finished-at="2022-05-15T15:34:07 BDT" duration-ms="21143">
      <class name="normalUser.Patients">
        <test-method is-config="true" signature="beforeSuit()[pri:0, instance:normalUser.Patients@6e0f5f7f]" started-at="2022-05-15T15:33:46 BDT" name="beforeSuit" finished-at="2022-05-15T15:33:46 BDT" duration-ms="8" status="PASS">
          <reporter-output>
          </reporter-output>
        </test-method> <!-- beforeSuit -->
        <test-method is-config="true" signature="setup()[pri:0, instance:normalUser.Patients@6e0f5f7f]" started-at="2022-05-15T15:33:46 BDT" name="setup" finished-at="2022-05-15T15:33:49 BDT" duration-ms="2688" status="PASS">
          <reporter-output>
          </reporter-output>
        </test-method> <!-- setup -->
        <test-method is-config="true" signature="openBrowser()[pri:0, instance:normalUser.Patients@6e0f5f7f]" started-at="2022-05-15T15:33:49 BDT" name="openBrowser" finished-at="2022-05-15T15:33:58 BDT" duration-ms="8890" status="PASS">
          <reporter-output>
          </reporter-output>
        </test-method> <!-- openBrowser -->
        <test-method signature="importPatientList()[pri:18, instance:normalUser.Patients@6e0f5f7f]" started-at="2022-05-15T15:33:58 BDT" name="importPatientList" finished-at="2022-05-15T15:34:07 BDT" duration-ms="8835" status="PASS">
          <reporter-output>
          </reporter-output>
        </test-method> <!-- importPatientList -->
        <test-method is-config="true" signature="tearDown()[pri:0, instance:normalUser.Patients@6e0f5f7f]" started-at="2022-05-15T15:34:07 BDT" name="tearDown" finished-at="2022-05-15T15:34:07 BDT" duration-ms="688" status="PASS">
          <reporter-output>
          </reporter-output>
        </test-method> <!-- tearDown -->
        <test-method is-config="true" signature="afterSuit()[pri:0, instance:normalUser.Patients@6e0f5f7f]" started-at="2022-05-15T15:34:07 BDT" name="afterSuit" finished-at="2022-05-15T15:34:07 BDT" duration-ms="0" status="PASS">
          <reporter-output>
          </reporter-output>
        </test-method> <!-- afterSuit -->
      </class> <!-- normalUser.Patients -->
    </test> <!-- Default test -->
  </suite> <!-- Default suite -->
</testng-results>
