<?xml version="1.0" encoding="UTF-8"?>
<testng-results ignored="0" total="19" passed="19" failed="0" skipped="0">
  <reporter-output>
  </reporter-output>
  <suite started-at="2022-01-08T00:25:10 BDT" name="Parallel test suite" finished-at="2022-01-08T00:29:26 BDT" duration-ms="256053">
    <groups>
    </groups>
    <test started-at="2022-01-08T00:25:10 BDT" name="Super Admin" finished-at="2022-01-08T00:29:26 BDT" duration-ms="256053">
      <class name="superAdmin.Clients">
        <test-method is-config="true" signature="beforeSuit()[pri:0, instance:superAdmin.Clients@6b81ce95]" started-at="2022-01-08T00:25:10 BDT" name="beforeSuit" finished-at="2022-01-08T00:25:10 BDT" duration-ms="8" status="PASS">
          <reporter-output>
          </reporter-output>
        </test-method> <!-- beforeSuit -->
        <test-method is-config="true" signature="setup(java.lang.String,java.lang.String,java.lang.String)[pri:0, instance:superAdmin.Clients@6b81ce95]" started-at="2022-01-08T00:25:10 BDT" name="setup" finished-at="2022-01-08T00:25:12 BDT" duration-ms="2031" status="PASS">
          <params>
            <param index="0">
              <value>
                <![CDATA[chrome]]>
              </value>
            </param>
            <param index="1">
              <value>
                <![CDATA[windows]]>
              </value>
            </param>
            <param index="2">
              <value>
                <![CDATA[http://192.168.31.17:4444/wd/hub]]>
              </value>
            </param>
          </params>
          <reporter-output>
          </reporter-output>
        </test-method> <!-- setup -->
        <test-method is-config="true" signature="openBrowser()[pri:0, instance:superAdmin.Clients@6b81ce95]" started-at="2022-01-08T00:25:12 BDT" name="openBrowser" finished-at="2022-01-08T00:25:23 BDT" duration-ms="10032" status="PASS">
          <reporter-output>
          </reporter-output>
        </test-method> <!-- openBrowser -->
        <test-method signature="verifyElemntsOnPageTest()[pri:1, instance:superAdmin.Clients@6b81ce95]" started-at="2022-01-08T00:25:23 BDT" name="verifyElemntsOnPageTest" finished-at="2022-01-08T00:25:23 BDT" duration-ms="90" status="PASS">
          <reporter-output>
          </reporter-output>
        </test-method> <!-- verifyElemntsOnPageTest -->
        <test-method is-config="true" signature="openBrowser()[pri:0, instance:superAdmin.Clients@6b81ce95]" started-at="2022-01-08T00:25:31 BDT" name="openBrowser" finished-at="2022-01-08T00:25:34 BDT" duration-ms="3855" status="PASS">
          <reporter-output>
          </reporter-output>
        </test-method> <!-- openBrowser -->
        <test-method signature="login()[pri:2, instance:superAdmin.Clients@6b81ce95]" started-at="2022-01-08T00:25:34 BDT" name="login" finished-at="2022-01-08T00:25:40 BDT" duration-ms="5408" status="PASS">
          <reporter-output>
          </reporter-output>
        </test-method> <!-- login -->
        <test-method is-config="true" signature="openBrowser()[pri:0, instance:superAdmin.Clients@6b81ce95]" started-at="2022-01-08T00:25:49 BDT" name="openBrowser" finished-at="2022-01-08T00:25:53 BDT" duration-ms="3529" status="PASS">
          <reporter-output>
          </reporter-output>
        </test-method> <!-- openBrowser -->
        <test-method signature="checkClientList()[pri:3, instance:superAdmin.Clients@6b81ce95]" started-at="2022-01-08T00:25:53 BDT" name="checkClientList" finished-at="2022-01-08T00:25:58 BDT" duration-ms="5865" status="PASS">
          <reporter-output>
          </reporter-output>
        </test-method> <!-- checkClientList -->
        <test-method is-config="true" signature="openBrowser()[pri:0, instance:superAdmin.Clients@6b81ce95]" started-at="2022-01-08T00:26:03 BDT" name="openBrowser" finished-at="2022-01-08T00:26:07 BDT" duration-ms="3575" status="PASS">
          <reporter-output>
          </reporter-output>
        </test-method> <!-- openBrowser -->
        <test-method signature="checkClientProfile()[pri:4, instance:superAdmin.Clients@6b81ce95]" started-at="2022-01-08T00:26:07 BDT" name="checkClientProfile" finished-at="2022-01-08T00:26:23 BDT" duration-ms="15806" status="PASS">
          <reporter-output>
          </reporter-output>
        </test-method> <!-- checkClientProfile -->
        <test-method is-config="true" signature="openBrowser()[pri:0, instance:superAdmin.Clients@6b81ce95]" started-at="2022-01-08T00:26:28 BDT" name="openBrowser" finished-at="2022-01-08T00:26:32 BDT" duration-ms="3528" status="PASS">
          <reporter-output>
          </reporter-output>
        </test-method> <!-- openBrowser -->
        <test-method signature="changeStatusToInactive()[pri:5, instance:superAdmin.Clients@6b81ce95]" started-at="2022-01-08T00:26:32 BDT" name="changeStatusToInactive" finished-at="2022-01-08T00:26:48 BDT" duration-ms="16594" status="PASS">
          <reporter-output>
          </reporter-output>
        </test-method> <!-- changeStatusToInactive -->
        <test-method is-config="true" signature="openBrowser()[pri:0, instance:superAdmin.Clients@6b81ce95]" started-at="2022-01-08T00:26:58 BDT" name="openBrowser" finished-at="2022-01-08T00:27:01 BDT" duration-ms="3544" status="PASS">
          <reporter-output>
          </reporter-output>
        </test-method> <!-- openBrowser -->
        <test-method signature="changeStatusToActive()[pri:6, instance:superAdmin.Clients@6b81ce95]" started-at="2022-01-08T00:27:01 BDT" name="changeStatusToActive" finished-at="2022-01-08T00:27:18 BDT" duration-ms="16574" status="PASS">
          <reporter-output>
          </reporter-output>
        </test-method> <!-- changeStatusToActive -->
        <test-method is-config="true" signature="openBrowser()[pri:0, instance:superAdmin.Clients@6b81ce95]" started-at="2022-01-08T00:27:18 BDT" name="openBrowser" finished-at="2022-01-08T00:27:21 BDT" duration-ms="3518" status="PASS">
          <reporter-output>
          </reporter-output>
        </test-method> <!-- openBrowser -->
        <test-method signature="checkLocationStatus()[pri:7, instance:superAdmin.Clients@6b81ce95]" started-at="2022-01-08T00:27:21 BDT" name="checkLocationStatus" finished-at="2022-01-08T00:27:47 BDT" duration-ms="25992" status="PASS">
          <reporter-output>
          </reporter-output>
        </test-method> <!-- checkLocationStatus -->
        <test-method is-config="true" signature="openBrowser()[pri:0, instance:superAdmin.Clients@6b81ce95]" started-at="2022-01-08T00:27:47 BDT" name="openBrowser" finished-at="2022-01-08T00:27:51 BDT" duration-ms="3569" status="PASS">
          <reporter-output>
          </reporter-output>
        </test-method> <!-- openBrowser -->
        <test-method signature="checkPatientStatus()[pri:8, instance:superAdmin.Clients@6b81ce95]" started-at="2022-01-08T00:27:51 BDT" name="checkPatientStatus" finished-at="2022-01-08T00:28:17 BDT" duration-ms="26186" status="PASS">
          <reporter-output>
          </reporter-output>
        </test-method> <!-- checkPatientStatus -->
        <test-method is-config="true" signature="openBrowser()[pri:0, instance:superAdmin.Clients@6b81ce95]" started-at="2022-01-08T00:28:17 BDT" name="openBrowser" finished-at="2022-01-08T00:28:20 BDT" duration-ms="3533" status="PASS">
          <reporter-output>
          </reporter-output>
        </test-method> <!-- openBrowser -->
        <test-method signature="search()[pri:9, instance:superAdmin.Clients@6b81ce95]" started-at="2022-01-08T00:28:20 BDT" name="search" finished-at="2022-01-08T00:28:29 BDT" duration-ms="9004" status="PASS">
          <reporter-output>
          </reporter-output>
        </test-method> <!-- search -->
        <test-method is-config="true" signature="openBrowser()[pri:0, instance:superAdmin.Clients@6b81ce95]" started-at="2022-01-08T00:28:29 BDT" name="openBrowser" finished-at="2022-01-08T00:28:33 BDT" duration-ms="3523" status="PASS">
          <reporter-output>
          </reporter-output>
        </test-method> <!-- openBrowser -->
        <test-method signature="checkClientTypeList()[pri:10, instance:superAdmin.Clients@6b81ce95]" started-at="2022-01-08T00:28:33 BDT" name="checkClientTypeList" finished-at="2022-01-08T00:28:42 BDT" duration-ms="8802" status="PASS">
          <reporter-output>
          </reporter-output>
        </test-method> <!-- checkClientTypeList -->
        <test-method is-config="true" signature="openBrowser()[pri:0, instance:superAdmin.Clients@6b81ce95]" started-at="2022-01-08T00:28:42 BDT" name="openBrowser" finished-at="2022-01-08T00:28:45 BDT" duration-ms="3487" status="PASS">
          <reporter-output>
          </reporter-output>
        </test-method> <!-- openBrowser -->
        <test-method signature="addNewClientGroup()[pri:11, instance:superAdmin.Clients@6b81ce95]" started-at="2022-01-08T00:28:45 BDT" name="addNewClientGroup" finished-at="2022-01-08T00:28:54 BDT" duration-ms="9197" status="PASS">
          <reporter-output>
          </reporter-output>
        </test-method> <!-- addNewClientGroup -->
        <test-method is-config="true" signature="openBrowser()[pri:0, instance:superAdmin.Clients@6b81ce95]" started-at="2022-01-08T00:28:54 BDT" name="openBrowser" finished-at="2022-01-08T00:28:58 BDT" duration-ms="3526" status="PASS">
          <reporter-output>
          </reporter-output>
        </test-method> <!-- openBrowser -->
        <test-method signature="editClientGroup()[pri:12, instance:superAdmin.Clients@6b81ce95]" started-at="2022-01-08T00:28:58 BDT" name="editClientGroup" finished-at="2022-01-08T00:29:07 BDT" duration-ms="8487" status="PASS">
          <reporter-output>
          </reporter-output>
        </test-method> <!-- editClientGroup -->
        <test-method is-config="true" signature="openBrowser()[pri:0, instance:superAdmin.Clients@6b81ce95]" started-at="2022-01-08T00:29:07 BDT" name="openBrowser" finished-at="2022-01-08T00:29:10 BDT" duration-ms="3535" status="PASS">
          <reporter-output>
          </reporter-output>
        </test-method> <!-- openBrowser -->
        <test-method signature="nameSort()[pri:13, instance:superAdmin.Clients@6b81ce95]" started-at="2022-01-08T00:29:10 BDT" name="nameSort" finished-at="2022-01-08T00:29:16 BDT" duration-ms="5950" status="PASS">
          <reporter-output>
          </reporter-output>
        </test-method> <!-- nameSort -->
        <test-method is-config="true" signature="openBrowser()[pri:0, instance:superAdmin.Clients@6b81ce95]" started-at="2022-01-08T00:29:16 BDT" name="openBrowser" finished-at="2022-01-08T00:29:20 BDT" duration-ms="3562" status="PASS">
          <reporter-output>
          </reporter-output>
        </test-method> <!-- openBrowser -->
        <test-method signature="typeSort()[pri:14, instance:superAdmin.Clients@6b81ce95]" started-at="2022-01-08T00:29:20 BDT" name="typeSort" finished-at="2022-01-08T00:29:25 BDT" duration-ms="5854" status="PASS">
          <reporter-output>
          </reporter-output>
        </test-method> <!-- typeSort -->
        <test-method is-config="true" signature="tearDown()[pri:0, instance:superAdmin.Clients@6b81ce95]" started-at="2022-01-08T00:29:25 BDT" name="tearDown" finished-at="2022-01-08T00:29:25 BDT" duration-ms="75" status="PASS">
          <reporter-output>
          </reporter-output>
        </test-method> <!-- tearDown -->
        <test-method is-config="true" signature="afterSuit()[pri:0, instance:superAdmin.Clients@6b81ce95]" started-at="2022-01-08T00:29:26 BDT" name="afterSuit" finished-at="2022-01-08T00:29:26 BDT" duration-ms="0" status="PASS">
          <reporter-output>
          </reporter-output>
        </test-method> <!-- afterSuit -->
      </class> <!-- superAdmin.Clients -->
      <class name="superAdmin.Login">
        <test-method is-config="true" signature="beforeSuit()[pri:0, instance:superAdmin.Login@6ae5aa72]" started-at="2022-01-08T00:25:10 BDT" name="beforeSuit" finished-at="2022-01-08T00:25:10 BDT" duration-ms="1" status="PASS">
          <reporter-output>
          </reporter-output>
        </test-method> <!-- beforeSuit -->
        <test-method is-config="true" signature="setup(java.lang.String,java.lang.String,java.lang.String)[pri:0, instance:superAdmin.Login@6ae5aa72]" started-at="2022-01-08T00:25:12 BDT" name="setup" finished-at="2022-01-08T00:25:12 BDT" duration-ms="840" status="PASS">
          <params>
            <param index="0">
              <value>
                <![CDATA[chrome]]>
              </value>
            </param>
            <param index="1">
              <value>
                <![CDATA[windows]]>
              </value>
            </param>
            <param index="2">
              <value>
                <![CDATA[http://192.168.31.17:4444/wd/hub]]>
              </value>
            </param>
          </params>
          <reporter-output>
          </reporter-output>
        </test-method> <!-- setup -->
        <test-method is-config="true" signature="openBrowser()[pri:0, instance:superAdmin.Login@6ae5aa72]" started-at="2022-01-08T00:25:23 BDT" name="openBrowser" finished-at="2022-01-08T00:25:30 BDT" duration-ms="7821" status="PASS">
          <reporter-output>
          </reporter-output>
        </test-method> <!-- openBrowser -->
        <test-method signature="verifyElemntsOnPageTest()[pri:1, instance:superAdmin.Login@6ae5aa72]" started-at="2022-01-08T00:25:30 BDT" name="verifyElemntsOnPageTest" finished-at="2022-01-08T00:25:31 BDT" duration-ms="129" status="PASS">
          <reporter-output>
          </reporter-output>
        </test-method> <!-- verifyElemntsOnPageTest -->
        <test-method is-config="true" signature="openBrowser()[pri:0, instance:superAdmin.Login@6ae5aa72]" started-at="2022-01-08T00:25:40 BDT" name="openBrowser" finished-at="2022-01-08T00:25:44 BDT" duration-ms="3788" status="PASS">
          <reporter-output>
          </reporter-output>
        </test-method> <!-- openBrowser -->
        <test-method signature="verifyLogin()[pri:2, instance:superAdmin.Login@6ae5aa72]" started-at="2022-01-08T00:25:44 BDT" name="verifyLogin" finished-at="2022-01-08T00:25:49 BDT" duration-ms="5446" status="PASS">
          <reporter-output>
          </reporter-output>
        </test-method> <!-- verifyLogin -->
        <test-method is-config="true" signature="openBrowser()[pri:0, instance:superAdmin.Login@6ae5aa72]" started-at="2022-01-08T00:25:58 BDT" name="openBrowser" finished-at="2022-01-08T00:26:02 BDT" duration-ms="3447" status="PASS">
          <reporter-output>
          </reporter-output>
        </test-method> <!-- openBrowser -->
        <test-method signature="loginWithoutUsername()[pri:3, instance:superAdmin.Login@6ae5aa72]" started-at="2022-01-08T00:26:02 BDT" name="loginWithoutUsername" finished-at="2022-01-08T00:26:03 BDT" duration-ms="1505" status="PASS">
          <reporter-output>
          </reporter-output>
        </test-method> <!-- loginWithoutUsername -->
        <test-method is-config="true" signature="openBrowser()[pri:0, instance:superAdmin.Login@6ae5aa72]" started-at="2022-01-08T00:26:23 BDT" name="openBrowser" finished-at="2022-01-08T00:26:26 BDT" duration-ms="3674" status="PASS">
          <reporter-output>
          </reporter-output>
        </test-method> <!-- openBrowser -->
        <test-method signature="loginWithoutPassword()[pri:4, instance:superAdmin.Login@6ae5aa72]" started-at="2022-01-08T00:26:26 BDT" name="loginWithoutPassword" finished-at="2022-01-08T00:26:28 BDT" duration-ms="1639" status="PASS">
          <reporter-output>
          </reporter-output>
        </test-method> <!-- loginWithoutPassword -->
        <test-method is-config="true" signature="openBrowser()[pri:0, instance:superAdmin.Login@6ae5aa72]" started-at="2022-01-08T00:26:48 BDT" name="openBrowser" finished-at="2022-01-08T00:26:52 BDT" duration-ms="3709" status="PASS">
          <reporter-output>
          </reporter-output>
        </test-method> <!-- openBrowser -->
        <test-method signature="invalidLoginInfo()[pri:5, instance:superAdmin.Login@6ae5aa72]" started-at="2022-01-08T00:26:52 BDT" name="invalidLoginInfo" finished-at="2022-01-08T00:26:58 BDT" duration-ms="5599" status="PASS">
          <reporter-output>
          </reporter-output>
        </test-method> <!-- invalidLoginInfo -->
        <test-method is-config="true" signature="tearDown()[pri:0, instance:superAdmin.Login@6ae5aa72]" started-at="2022-01-08T00:29:25 BDT" name="tearDown" finished-at="2022-01-08T00:29:26 BDT" duration-ms="141" status="PASS">
          <reporter-output>
          </reporter-output>
        </test-method> <!-- tearDown -->
        <test-method is-config="true" signature="afterSuit()[pri:0, instance:superAdmin.Login@6ae5aa72]" started-at="2022-01-08T00:29:26 BDT" name="afterSuit" finished-at="2022-01-08T00:29:26 BDT" duration-ms="0" status="PASS">
          <reporter-output>
          </reporter-output>
        </test-method> <!-- afterSuit -->
      </class> <!-- superAdmin.Login -->
    </test> <!-- Super Admin -->
  </suite> <!-- Parallel test suite -->
</testng-results>
