<?xml version="1.0" encoding="UTF-8"?>
<testng-results ignored="0" total="1" passed="1" failed="0" skipped="0">
  <reporter-output>
  </reporter-output>
  <suite started-at="2022-04-30T03:12:00 BDT" name="Parallel test suite" finished-at="2022-04-30T03:12:18 BDT" duration-ms="17645">
    <groups>
    </groups>
    <test started-at="2022-04-30T03:12:00 BDT" name="Test Suite" finished-at="2022-04-30T03:12:18 BDT" duration-ms="17645">
      <class name="superAdmin.Login">
        <test-method is-config="true" signature="beforeSuit()[pri:0, instance:superAdmin.Login@132e0cc]" started-at="2022-04-30T03:12:00 BDT" name="beforeSuit" finished-at="2022-04-30T03:12:00 BDT" duration-ms="8" status="PASS">
          <reporter-output>
          </reporter-output>
        </test-method> <!-- beforeSuit -->
        <test-method is-config="true" signature="setup(java.lang.String)[pri:0, instance:superAdmin.Login@132e0cc]" started-at="2022-04-30T03:12:00 BDT" name="setup" finished-at="2022-04-30T03:12:05 BDT" duration-ms="4856" status="PASS">
          <params>
            <param index="0">
              <value>
                <![CDATA[MicrosoftEdge]]>
              </value>
            </param>
          </params>
          <reporter-output>
          </reporter-output>
        </test-method> <!-- setup -->
        <test-method is-config="true" signature="openBrowser()[pri:0, instance:superAdmin.Login@132e0cc]" started-at="2022-04-30T03:12:05 BDT" name="openBrowser" finished-at="2022-04-30T03:12:16 BDT" duration-ms="10532" status="PASS">
          <reporter-output>
          </reporter-output>
        </test-method> <!-- openBrowser -->
        <test-method signature="verifyElemntsOnPageTest()[pri:1, instance:superAdmin.Login@132e0cc]" started-at="2022-04-30T03:12:16 BDT" name="verifyElemntsOnPageTest" finished-at="2022-04-30T03:12:16 BDT" duration-ms="469" status="PASS">
          <reporter-output>
          </reporter-output>
        </test-method> <!-- verifyElemntsOnPageTest -->
        <test-method is-config="true" signature="openBrowser()[pri:0, instance:superAdmin.Login@132e0cc]" started-at="2022-04-30T03:12:16 BDT" name="openBrowser" finished-at="2022-04-30T03:12:18 BDT" duration-ms="1694" status="FAIL">
          <exception class="org.openqa.selenium.NoSuchWindowException">
            <message>
              <![CDATA[no such window: target window already closed
from unknown error: web view not found
  (Session info: MicrosoftEdge=101.0.1210.32)
Build info: version: '4.0.0', revision: '3a21814679'
System info: host: 'DESKTOP-EI1MF8H', ip: '192.168.31.17', os.name: 'Windows 10', os.arch: 'amd64', os.version: '10.0', java.version: '11.0.13'
Driver info: org.openqa.selenium.remote.RemoteWebDriver
Command: [5f93d23ef162e6fe81d254172a260c0c, maximizeCurrentWindow {}]
Capabilities {acceptInsecureCerts: false, browserName: msedge, browserVersion: 101.0.1210.32, javascriptEnabled: true, ms:edgeOptions: {debuggerAddress: localhost:64387}, msedge: {msedgedriverVersion: 101.0.1210.32 (f7af80761c68..., userDataDir: C:\Users\tahni\AppData\Loca...}, networkConnectionEnabled: false, pageLoadStrategy: normal, platform: WINDOWS, platformName: WINDOWS, proxy: Proxy(), se:cdp: ws://192.168.31.17:4444/ses..., se:cdpVersion: 101.0.1210.32, setWindowRect: true, strictFileInteractability: false, timeouts: {implicit: 0, pageLoad: 300000, script: 30000}, unhandledPromptBehavior: dismiss and notify, webauthn:extension:credBlob: true, webauthn:extension:largeBlob: true, webauthn:virtualAuthenticators: true}
Session ID: 5f93d23ef162e6fe81d254172a260c0c]]>
            </message>
            <full-stacktrace>
              <![CDATA[org.openqa.selenium.NoSuchWindowException: no such window: target window already closed
from unknown error: web view not found
  (Session info: MicrosoftEdge=101.0.1210.32)
Build info: version: '4.0.0', revision: '3a21814679'
System info: host: 'DESKTOP-EI1MF8H', ip: '192.168.31.17', os.name: 'Windows 10', os.arch: 'amd64', os.version: '10.0', java.version: '11.0.13'
Driver info: org.openqa.selenium.remote.RemoteWebDriver
Command: [5f93d23ef162e6fe81d254172a260c0c, maximizeCurrentWindow {}]
Capabilities {acceptInsecureCerts: false, browserName: msedge, browserVersion: 101.0.1210.32, javascriptEnabled: true, ms:edgeOptions: {debuggerAddress: localhost:64387}, msedge: {msedgedriverVersion: 101.0.1210.32 (f7af80761c68..., userDataDir: C:\Users\tahni\AppData\Loca...}, networkConnectionEnabled: false, pageLoadStrategy: normal, platform: WINDOWS, platformName: WINDOWS, proxy: Proxy(), se:cdp: ws://192.168.31.17:4444/ses..., se:cdpVersion: 101.0.1210.32, setWindowRect: true, strictFileInteractability: false, timeouts: {implicit: 0, pageLoad: 300000, script: 30000}, unhandledPromptBehavior: dismiss and notify, webauthn:extension:credBlob: true, webauthn:extension:largeBlob: true, webauthn:virtualAuthenticators: true}
Session ID: 5f93d23ef162e6fe81d254172a260c0c
at java.base/jdk.internal.reflect.NativeConstructorAccessorImpl.newInstance0(Native Method)
at java.base/jdk.internal.reflect.NativeConstructorAccessorImpl.newInstance(NativeConstructorAccessorImpl.java:62)
at java.base/jdk.internal.reflect.DelegatingConstructorAccessorImpl.newInstance(DelegatingConstructorAccessorImpl.java:45)
at java.base/java.lang.reflect.Constructor.newInstance(Constructor.java:490)
at org.openqa.selenium.remote.codec.w3c.W3CHttpResponseCodec.createException(W3CHttpResponseCodec.java:200)
at org.openqa.selenium.remote.codec.w3c.W3CHttpResponseCodec.decode(W3CHttpResponseCodec.java:133)
at org.openqa.selenium.remote.codec.w3c.W3CHttpResponseCodec.decode(W3CHttpResponseCodec.java:53)
at org.openqa.selenium.remote.HttpCommandExecutor.execute(HttpCommandExecutor.java:184)
at org.openqa.selenium.remote.TracedCommandExecutor.execute(TracedCommandExecutor.java:39)
at org.openqa.selenium.remote.RemoteWebDriver.execute(RemoteWebDriver.java:559)
at org.openqa.selenium.remote.RemoteWebDriver.execute(RemoteWebDriver.java:614)
at org.openqa.selenium.remote.RemoteWebDriver.execute(RemoteWebDriver.java:618)
at org.openqa.selenium.remote.RemoteWebDriver$RemoteWebDriverOptions$RemoteWindow.maximize(RemoteWebDriver.java:928)
at superAdmin.Login.openBrowser(Login.java:60)
at java.base/jdk.internal.reflect.NativeMethodAccessorImpl.invoke0(Native Method)
at java.base/jdk.internal.reflect.NativeMethodAccessorImpl.invoke(NativeMethodAccessorImpl.java:62)
at java.base/jdk.internal.reflect.DelegatingMethodAccessorImpl.invoke(DelegatingMethodAccessorImpl.java:43)
at java.base/java.lang.reflect.Method.invoke(Method.java:566)
at org.testng.internal.MethodInvocationHelper.invokeMethod(MethodInvocationHelper.java:133)
at org.testng.internal.MethodInvocationHelper.invokeMethodConsideringTimeout(MethodInvocationHelper.java:62)
at org.testng.internal.ConfigInvoker.invokeConfigurationMethod(ConfigInvoker.java:385)
at org.testng.internal.ConfigInvoker.invokeConfigurations(ConfigInvoker.java:321)
at org.testng.internal.TestInvoker.runConfigMethods(TestInvoker.java:700)
at org.testng.internal.TestInvoker.invokeMethod(TestInvoker.java:527)
at org.testng.internal.TestInvoker.invokeTestMethod(TestInvoker.java:173)
at org.testng.internal.MethodRunner.runInSequence(MethodRunner.java:46)
at org.testng.internal.TestInvoker$MethodInvocationAgent.invoke(TestInvoker.java:824)
at org.testng.internal.TestInvoker.invokeTestMethods(TestInvoker.java:146)
at org.testng.internal.TestMethodWorker.invokeTestMethods(TestMethodWorker.java:146)
at org.testng.internal.TestMethodWorker.run(TestMethodWorker.java:128)
at java.base/java.util.concurrent.ThreadPoolExecutor.runWorker(ThreadPoolExecutor.java:1128)
at java.base/java.util.concurrent.ThreadPoolExecutor$Worker.run(ThreadPoolExecutor.java:628)
at java.base/java.lang.Thread.run(Thread.java:834)
]]>
            </full-stacktrace>
          </exception> <!-- org.openqa.selenium.NoSuchWindowException -->
          <reporter-output>
          </reporter-output>
        </test-method> <!-- openBrowser -->
        <test-method is-config="true" signature="tearDown()[pri:0, instance:superAdmin.Login@132e0cc]" started-at="2022-04-30T03:12:18 BDT" name="tearDown" finished-at="1970-01-01T06:00:00 BDT" duration-ms="-1651266738631" status="SKIP">
          <reporter-output>
          </reporter-output>
        </test-method> <!-- tearDown -->
      </class> <!-- superAdmin.Login -->
    </test> <!-- Test Suite -->
  </suite> <!-- Parallel test suite -->
</testng-results>
