<?xml version="1.0" encoding="UTF-8"?>
<testng-results ignored="0" total="7" passed="6" failed="1" skipped="0">
  <reporter-output>
  </reporter-output>
  <suite started-at="2022-04-11T17:50:27 BDT" name="Parallel test suite" finished-at="2022-04-11T17:51:22 BDT" duration-ms="54542">
    <groups>
    </groups>
    <test started-at="2022-04-11T17:50:27 BDT" name="Test Suite" finished-at="2022-04-11T17:51:22 BDT" duration-ms="54542">
      <class name="normalUser.LoginTest">
        <test-method is-config="true" signature="beforeSuit()[pri:0, instance:normalUser.LoginTest@31ff43be]" started-at="2022-04-11T17:50:27 BDT" name="beforeSuit" finished-at="2022-04-11T17:50:27 BDT" duration-ms="7" status="PASS">
          <reporter-output>
          </reporter-output>
        </test-method> <!-- beforeSuit -->
        <test-method is-config="true" signature="setup()[pri:0, instance:normalUser.LoginTest@31ff43be]" started-at="2022-04-11T17:50:27 BDT" name="setup" finished-at="2022-04-11T17:50:30 BDT" duration-ms="2442" status="PASS">
          <reporter-output>
          </reporter-output>
        </test-method> <!-- setup -->
        <test-method is-config="true" signature="openBrowser()[pri:0, instance:normalUser.LoginTest@31ff43be]" started-at="2022-04-11T17:50:30 BDT" name="openBrowser" finished-at="2022-04-11T17:50:41 BDT" duration-ms="11007" status="PASS">
          <reporter-output>
          </reporter-output>
        </test-method> <!-- openBrowser -->
        <test-method signature="verifyElemntsOnPageTest()[pri:1, instance:normalUser.LoginTest@31ff43be]" started-at="2022-04-11T17:50:41 BDT" name="verifyElemntsOnPageTest" finished-at="2022-04-11T17:50:41 BDT" duration-ms="477" status="PASS">
          <reporter-output>
          </reporter-output>
        </test-method> <!-- verifyElemntsOnPageTest -->
        <test-method is-config="true" signature="openBrowser()[pri:0, instance:normalUser.LoginTest@31ff43be]" started-at="2022-04-11T17:50:41 BDT" name="openBrowser" finished-at="2022-04-11T17:50:45 BDT" duration-ms="3742" status="PASS">
          <reporter-output>
          </reporter-output>
        </test-method> <!-- openBrowser -->
        <test-method signature="verifyLogin()[pri:2, instance:normalUser.LoginTest@31ff43be]" started-at="2022-04-11T17:50:45 BDT" name="verifyLogin" finished-at="2022-04-11T17:50:51 BDT" duration-ms="5595" status="FAIL">
          <exception class="java.lang.AssertionError">
            <message>
              <![CDATA[expected [https://dev.zntral.net/dashboarda] but found [https://dev.zntral.net/dashboard]]]>
            </message>
            <full-stacktrace>
              <![CDATA[java.lang.AssertionError: expected [https://dev.zntral.net/dashboarda] but found [https://dev.zntral.net/dashboard]
at org.testng.Assert.fail(Assert.java:99)
at org.testng.Assert.failNotEquals(Assert.java:1037)
at org.testng.Assert.assertEqualsImpl(Assert.java:140)
at org.testng.Assert.assertEquals(Assert.java:122)
at org.testng.Assert.assertEquals(Assert.java:629)
at org.testng.Assert.assertEquals(Assert.java:639)
at normalUser.LoginTest.verifyLogin(LoginTest.java:113)
at java.base/jdk.internal.reflect.NativeMethodAccessorImpl.invoke0(Native Method)
at java.base/jdk.internal.reflect.NativeMethodAccessorImpl.invoke(NativeMethodAccessorImpl.java:62)
at java.base/jdk.internal.reflect.DelegatingMethodAccessorImpl.invoke(DelegatingMethodAccessorImpl.java:43)
at java.base/java.lang.reflect.Method.invoke(Method.java:566)
at org.testng.internal.MethodInvocationHelper.invokeMethod(MethodInvocationHelper.java:133)
at org.testng.internal.TestInvoker.invokeMethod(TestInvoker.java:598)
at org.testng.internal.TestInvoker.invokeTestMethod(TestInvoker.java:173)
at org.testng.internal.MethodRunner.runInSequence(MethodRunner.java:46)
at org.testng.internal.TestInvoker$MethodInvocationAgent.invoke(TestInvoker.java:824)
at org.testng.internal.TestInvoker.invokeTestMethods(TestInvoker.java:146)
at org.testng.internal.TestMethodWorker.invokeTestMethods(TestMethodWorker.java:146)
at org.testng.internal.TestMethodWorker.run(TestMethodWorker.java:128)
at java.base/java.util.concurrent.ThreadPoolExecutor.runWorker(ThreadPoolExecutor.java:1128)
at java.base/java.util.concurrent.ThreadPoolExecutor$Worker.run(ThreadPoolExecutor.java:628)
at java.base/java.lang.Thread.run(Thread.java:834)
]]>
            </full-stacktrace>
          </exception> <!-- java.lang.AssertionError -->
          <reporter-output>
          </reporter-output>
        </test-method> <!-- verifyLogin -->
        <test-method is-config="true" signature="openBrowser()[pri:0, instance:normalUser.LoginTest@31ff43be]" started-at="2022-04-11T17:50:51 BDT" name="openBrowser" finished-at="2022-04-11T17:50:54 BDT" duration-ms="3439" status="PASS">
          <reporter-output>
          </reporter-output>
        </test-method> <!-- openBrowser -->
        <test-method signature="loginWithoutUsername()[pri:3, instance:normalUser.LoginTest@31ff43be]" started-at="2022-04-11T17:50:54 BDT" name="loginWithoutUsername" finished-at="2022-04-11T17:50:56 BDT" duration-ms="1556" status="PASS">
          <reporter-output>
          </reporter-output>
        </test-method> <!-- loginWithoutUsername -->
        <test-method is-config="true" signature="openBrowser()[pri:0, instance:normalUser.LoginTest@31ff43be]" started-at="2022-04-11T17:50:56 BDT" name="openBrowser" finished-at="2022-04-11T17:51:00 BDT" duration-ms="3665" status="PASS">
          <reporter-output>
          </reporter-output>
        </test-method> <!-- openBrowser -->
        <test-method signature="loginWithoutPassword()[pri:4, instance:normalUser.LoginTest@31ff43be]" started-at="2022-04-11T17:51:00 BDT" name="loginWithoutPassword" finished-at="2022-04-11T17:51:01 BDT" duration-ms="1699" status="PASS">
          <reporter-output>
          </reporter-output>
        </test-method> <!-- loginWithoutPassword -->
        <test-method is-config="true" signature="openBrowser()[pri:0, instance:normalUser.LoginTest@31ff43be]" started-at="2022-04-11T17:51:01 BDT" name="openBrowser" finished-at="2022-04-11T17:51:05 BDT" duration-ms="3623" status="PASS">
          <reporter-output>
          </reporter-output>
        </test-method> <!-- openBrowser -->
        <test-method signature="loginWithEmptyField()[pri:5, instance:normalUser.LoginTest@31ff43be]" started-at="2022-04-11T17:51:05 BDT" name="loginWithEmptyField" finished-at="2022-04-11T17:51:05 BDT" duration-ms="259" status="PASS">
          <reporter-output>
          </reporter-output>
        </test-method> <!-- loginWithEmptyField -->
        <test-method is-config="true" signature="openBrowser()[pri:0, instance:normalUser.LoginTest@31ff43be]" started-at="2022-04-11T17:51:05 BDT" name="openBrowser" finished-at="2022-04-11T17:51:09 BDT" duration-ms="3636" status="PASS">
          <reporter-output>
          </reporter-output>
        </test-method> <!-- openBrowser -->
        <test-method signature="forgotPassword()[pri:6, instance:normalUser.LoginTest@31ff43be]" started-at="2022-04-11T17:51:09 BDT" name="forgotPassword" finished-at="2022-04-11T17:51:12 BDT" duration-ms="3426" status="PASS">
          <reporter-output>
          </reporter-output>
        </test-method> <!-- forgotPassword -->
        <test-method is-config="true" signature="openBrowser()[pri:0, instance:normalUser.LoginTest@31ff43be]" started-at="2022-04-11T17:51:12 BDT" name="openBrowser" finished-at="2022-04-11T17:51:16 BDT" duration-ms="3388" status="PASS">
          <reporter-output>
          </reporter-output>
        </test-method> <!-- openBrowser -->
        <test-method signature="randomInput()[pri:7, instance:normalUser.LoginTest@31ff43be]" started-at="2022-04-11T17:51:16 BDT" name="randomInput" finished-at="2022-04-11T17:51:21 BDT" duration-ms="5601" status="PASS">
          <reporter-output>
          </reporter-output>
        </test-method> <!-- randomInput -->
        <test-method is-config="true" signature="tearDown()[pri:0, instance:normalUser.LoginTest@31ff43be]" started-at="2022-04-11T17:51:21 BDT" name="tearDown" finished-at="2022-04-11T17:51:22 BDT" duration-ms="672" status="PASS">
          <reporter-output>
          </reporter-output>
        </test-method> <!-- tearDown -->
        <test-method is-config="true" signature="afterSuit()[pri:0, instance:normalUser.LoginTest@31ff43be]" started-at="2022-04-11T17:51:23 BDT" name="afterSuit" finished-at="2022-04-11T17:51:23 BDT" duration-ms="1" status="PASS">
          <reporter-output>
          </reporter-output>
        </test-method> <!-- afterSuit -->
      </class> <!-- normalUser.LoginTest -->
    </test> <!-- Test Suite -->
  </suite> <!-- Parallel test suite -->
</testng-results>
