<?xml version="1.0" encoding="UTF-8"?>
<testng-results ignored="4" total="5" passed="1" failed="0" skipped="0">
  <reporter-output>
  </reporter-output>
  <suite started-at="2021-12-02T18:18:08 BDT" name="Default suite" finished-at="2021-12-02T18:18:51 BDT" duration-ms="42906">
    <groups>
    </groups>
    <test started-at="2021-12-02T18:18:08 BDT" name="Default test" finished-at="2021-12-02T18:18:51 BDT" duration-ms="42906">
      <class name="test.Registration">
        <test-method is-config="true" signature="beforeSuit()[pri:0, instance:test.Registration@6e20b53a]" started-at="2021-12-02T18:18:08 BDT" name="beforeSuit" finished-at="2021-12-02T18:18:08 BDT" duration-ms="8" status="PASS">
          <reporter-output>
          </reporter-output>
        </test-method> <!-- beforeSuit -->
        <test-method is-config="true" signature="setup()[pri:0, instance:test.Registration@6e20b53a]" started-at="2021-12-02T18:18:08 BDT" name="setup" finished-at="2021-12-02T18:18:10 BDT" duration-ms="2150" status="PASS">
          <reporter-output>
          </reporter-output>
        </test-method> <!-- setup -->
        <test-method is-config="true" signature="openBrowser()[pri:0, instance:test.Registration@6e20b53a]" started-at="2021-12-02T18:18:10 BDT" name="openBrowser" finished-at="2021-12-02T18:18:19 BDT" duration-ms="9151" status="PASS">
          <reporter-output>
          </reporter-output>
        </test-method> <!-- openBrowser -->
        <test-method signature="emailValidationTest()[pri:0, instance:test.Registration@6e20b53a]" started-at="2021-12-02T18:18:19 BDT" name="emailValidationTest" finished-at="2021-12-02T18:18:50 BDT" duration-ms="31432" status="PASS">
          <reporter-output>
          </reporter-output>
        </test-method> <!-- emailValidationTest -->
        <test-method is-config="true" signature="tearDown()[pri:0, instance:test.Registration@6e20b53a]" started-at="2021-12-02T18:18:50 BDT" name="tearDown" finished-at="2021-12-02T18:18:51 BDT" duration-ms="129" status="PASS">
          <reporter-output>
          </reporter-output>
        </test-method> <!-- tearDown -->
        <test-method is-config="true" signature="afterSuit()[pri:0, instance:test.Registration@6e20b53a]" started-at="2021-12-02T18:18:51 BDT" name="afterSuit" finished-at="2021-12-02T18:18:51 BDT" duration-ms="0" status="PASS">
          <reporter-output>
          </reporter-output>
        </test-method> <!-- afterSuit -->
      </class> <!-- test.Registration -->
    </test> <!-- Default test -->
  </suite> <!-- Default suite -->
</testng-results>
