<?xml version="1.0" encoding="UTF-8"?>
<testng-results ignored="0" total="7" passed="7" failed="0" skipped="0">
  <reporter-output>
  </reporter-output>
  <suite started-at="2022-02-22T13:11:28 BDT" name="Parallel test suite" finished-at="2022-02-22T13:12:21 BDT" duration-ms="53466">
    <groups>
    </groups>
    <test started-at="2022-02-22T13:11:28 BDT" name="Test Suite" finished-at="2022-02-22T13:12:21 BDT" duration-ms="53466">
      <class name="normalUser.LoginTest">
        <test-method is-config="true" signature="beforeSuit()[pri:0, instance:normalUser.LoginTest@209da20d]" started-at="2022-02-22T13:11:28 BDT" name="beforeSuit" finished-at="2022-02-22T13:11:28 BDT" duration-ms="7" status="PASS">
          <reporter-output>
          </reporter-output>
        </test-method> <!-- beforeSuit -->
        <test-method is-config="true" signature="setup()[pri:0, instance:normalUser.LoginTest@209da20d]" started-at="2022-02-22T13:11:28 BDT" name="setup" finished-at="2022-02-22T13:11:30 BDT" duration-ms="2415" status="PASS">
          <reporter-output>
          </reporter-output>
        </test-method> <!-- setup -->
        <test-method is-config="true" signature="initiateReport()[pri:0, instance:normalUser.LoginTest@209da20d]" started-at="2022-02-22T13:11:30 BDT" name="initiateReport" finished-at="2022-02-22T13:11:31 BDT" duration-ms="244" status="PASS">
          <reporter-output>
          </reporter-output>
        </test-method> <!-- initiateReport -->
        <test-method is-config="true" signature="openBrowser()[pri:0, instance:normalUser.LoginTest@209da20d]" started-at="2022-02-22T13:11:31 BDT" name="openBrowser" finished-at="2022-02-22T13:11:40 BDT" duration-ms="9558" status="PASS">
          <reporter-output>
          </reporter-output>
        </test-method> <!-- openBrowser -->
        <test-method signature="randomInput()[pri:0, instance:normalUser.LoginTest@209da20d]" started-at="2022-02-22T13:11:40 BDT" name="randomInput" finished-at="2022-02-22T13:11:46 BDT" duration-ms="5592" status="PASS">
          <reporter-output>
          </reporter-output>
        </test-method> <!-- randomInput -->
        <test-method is-config="true" signature="checkResults(org.testng.ITestResult)[pri:0, instance:normalUser.LoginTest@209da20d]" started-at="2022-02-22T13:11:46 BDT" name="checkResults" finished-at="2022-02-22T13:11:46 BDT" duration-ms="5" status="PASS">
          <params>
            <param index="0">
              <value>
                <![CDATA[[TestResult name=randomInput status=SUCCESS method=LoginTest.randomInput()[pri:0, instance:normalUser.LoginTest@209da20d] output={null}]]]>
              </value>
            </param>
          </params>
          <reporter-output>
          </reporter-output>
        </test-method> <!-- checkResults -->
        <test-method is-config="true" signature="openBrowser()[pri:0, instance:normalUser.LoginTest@209da20d]" started-at="2022-02-22T13:11:46 BDT" name="openBrowser" finished-at="2022-02-22T13:11:49 BDT" duration-ms="3397" status="PASS">
          <reporter-output>
          </reporter-output>
        </test-method> <!-- openBrowser -->
        <test-method signature="verifyElemntsOnPageTest()[pri:1, instance:normalUser.LoginTest@209da20d]" started-at="2022-02-22T13:11:49 BDT" name="verifyElemntsOnPageTest" finished-at="2022-02-22T13:11:49 BDT" duration-ms="299" status="PASS">
          <reporter-output>
          </reporter-output>
        </test-method> <!-- verifyElemntsOnPageTest -->
        <test-method is-config="true" signature="checkResults(org.testng.ITestResult)[pri:0, instance:normalUser.LoginTest@209da20d]" started-at="2022-02-22T13:11:49 BDT" name="checkResults" finished-at="2022-02-22T13:11:49 BDT" duration-ms="1" status="PASS">
          <params>
            <param index="0">
              <value>
                <![CDATA[[TestResult name=verifyElemntsOnPageTest status=SUCCESS method=LoginTest.verifyElemntsOnPageTest()[pri:1, instance:normalUser.LoginTest@209da20d] output={null}]]]>
              </value>
            </param>
          </params>
          <reporter-output>
          </reporter-output>
        </test-method> <!-- checkResults -->
        <test-method is-config="true" signature="openBrowser()[pri:0, instance:normalUser.LoginTest@209da20d]" started-at="2022-02-22T13:11:49 BDT" name="openBrowser" finished-at="2022-02-22T13:11:53 BDT" duration-ms="3675" status="PASS">
          <reporter-output>
          </reporter-output>
        </test-method> <!-- openBrowser -->
        <test-method signature="verifyLogin()[pri:2, instance:normalUser.LoginTest@209da20d]" started-at="2022-02-22T13:11:53 BDT" name="verifyLogin" finished-at="2022-02-22T13:11:59 BDT" duration-ms="5520" status="PASS">
          <reporter-output>
          </reporter-output>
        </test-method> <!-- verifyLogin -->
        <test-method is-config="true" signature="checkResults(org.testng.ITestResult)[pri:0, instance:normalUser.LoginTest@209da20d]" started-at="2022-02-22T13:11:59 BDT" name="checkResults" finished-at="2022-02-22T13:11:59 BDT" duration-ms="0" status="PASS">
          <params>
            <param index="0">
              <value>
                <![CDATA[[TestResult name=verifyLogin status=SUCCESS method=LoginTest.verifyLogin()[pri:2, instance:normalUser.LoginTest@209da20d] output={null}]]]>
              </value>
            </param>
          </params>
          <reporter-output>
          </reporter-output>
        </test-method> <!-- checkResults -->
        <test-method is-config="true" signature="openBrowser()[pri:0, instance:normalUser.LoginTest@209da20d]" started-at="2022-02-22T13:11:59 BDT" name="openBrowser" finished-at="2022-02-22T13:12:02 BDT" duration-ms="3419" status="PASS">
          <reporter-output>
          </reporter-output>
        </test-method> <!-- openBrowser -->
        <test-method signature="loginWithoutUsername()[pri:3, instance:normalUser.LoginTest@209da20d]" started-at="2022-02-22T13:12:02 BDT" name="loginWithoutUsername" finished-at="2022-02-22T13:12:04 BDT" duration-ms="1521" status="PASS">
          <reporter-output>
          </reporter-output>
        </test-method> <!-- loginWithoutUsername -->
        <test-method is-config="true" signature="checkResults(org.testng.ITestResult)[pri:0, instance:normalUser.LoginTest@209da20d]" started-at="2022-02-22T13:12:04 BDT" name="checkResults" finished-at="2022-02-22T13:12:04 BDT" duration-ms="0" status="PASS">
          <params>
            <param index="0">
              <value>
                <![CDATA[[TestResult name=loginWithoutUsername status=SUCCESS method=LoginTest.loginWithoutUsername()[pri:3, instance:normalUser.LoginTest@209da20d] output={null}]]]>
              </value>
            </param>
          </params>
          <reporter-output>
          </reporter-output>
        </test-method> <!-- checkResults -->
        <test-method is-config="true" signature="openBrowser()[pri:0, instance:normalUser.LoginTest@209da20d]" started-at="2022-02-22T13:12:04 BDT" name="openBrowser" finished-at="2022-02-22T13:12:07 BDT" duration-ms="3727" status="PASS">
          <reporter-output>
          </reporter-output>
        </test-method> <!-- openBrowser -->
        <test-method signature="loginWithoutPassword()[pri:4, instance:normalUser.LoginTest@209da20d]" started-at="2022-02-22T13:12:07 BDT" name="loginWithoutPassword" finished-at="2022-02-22T13:12:09 BDT" duration-ms="1680" status="PASS">
          <reporter-output>
          </reporter-output>
        </test-method> <!-- loginWithoutPassword -->
        <test-method is-config="true" signature="checkResults(org.testng.ITestResult)[pri:0, instance:normalUser.LoginTest@209da20d]" started-at="2022-02-22T13:12:09 BDT" name="checkResults" finished-at="2022-02-22T13:12:09 BDT" duration-ms="0" status="PASS">
          <params>
            <param index="0">
              <value>
                <![CDATA[[TestResult name=loginWithoutPassword status=SUCCESS method=LoginTest.loginWithoutPassword()[pri:4, instance:normalUser.LoginTest@209da20d] output={null}]]]>
              </value>
            </param>
          </params>
          <reporter-output>
          </reporter-output>
        </test-method> <!-- checkResults -->
        <test-method is-config="true" signature="openBrowser()[pri:0, instance:normalUser.LoginTest@209da20d]" started-at="2022-02-22T13:12:09 BDT" name="openBrowser" finished-at="2022-02-22T13:12:13 BDT" duration-ms="3749" status="PASS">
          <reporter-output>
          </reporter-output>
        </test-method> <!-- openBrowser -->
        <test-method signature="loginWithEmptyField()[pri:5, instance:normalUser.LoginTest@209da20d]" started-at="2022-02-22T13:12:13 BDT" name="loginWithEmptyField" finished-at="2022-02-22T13:12:13 BDT" duration-ms="276" status="PASS">
          <reporter-output>
          </reporter-output>
        </test-method> <!-- loginWithEmptyField -->
        <test-method is-config="true" signature="checkResults(org.testng.ITestResult)[pri:0, instance:normalUser.LoginTest@209da20d]" started-at="2022-02-22T13:12:13 BDT" name="checkResults" finished-at="2022-02-22T13:12:13 BDT" duration-ms="0" status="PASS">
          <params>
            <param index="0">
              <value>
                <![CDATA[[TestResult name=loginWithEmptyField status=SUCCESS method=LoginTest.loginWithEmptyField()[pri:5, instance:normalUser.LoginTest@209da20d] output={null}]]]>
              </value>
            </param>
          </params>
          <reporter-output>
          </reporter-output>
        </test-method> <!-- checkResults -->
        <test-method is-config="true" signature="openBrowser()[pri:0, instance:normalUser.LoginTest@209da20d]" started-at="2022-02-22T13:12:13 BDT" name="openBrowser" finished-at="2022-02-22T13:12:17 BDT" duration-ms="3687" status="PASS">
          <reporter-output>
          </reporter-output>
        </test-method> <!-- openBrowser -->
        <test-method signature="forgotPassword()[pri:6, instance:normalUser.LoginTest@209da20d]" started-at="2022-02-22T13:12:17 BDT" name="forgotPassword" finished-at="2022-02-22T13:12:20 BDT" duration-ms="3486" status="PASS">
          <reporter-output>
          </reporter-output>
        </test-method> <!-- forgotPassword -->
        <test-method is-config="true" signature="checkResults(org.testng.ITestResult)[pri:0, instance:normalUser.LoginTest@209da20d]" started-at="2022-02-22T13:12:20 BDT" name="checkResults" finished-at="2022-02-22T13:12:20 BDT" duration-ms="2" status="PASS">
          <params>
            <param index="0">
              <value>
                <![CDATA[[TestResult name=forgotPassword status=SUCCESS method=LoginTest.forgotPassword()[pri:6, instance:normalUser.LoginTest@209da20d] output={null}]]]>
              </value>
            </param>
          </params>
          <reporter-output>
          </reporter-output>
        </test-method> <!-- checkResults -->
        <test-method is-config="true" signature="afterClass()[pri:0, instance:normalUser.LoginTest@209da20d]" started-at="2022-02-22T13:12:20 BDT" name="afterClass" finished-at="2022-02-22T13:12:21 BDT" duration-ms="367" status="PASS">
          <reporter-output>
          </reporter-output>
        </test-method> <!-- afterClass -->
        <test-method is-config="true" signature="tearDown()[pri:0, instance:normalUser.LoginTest@209da20d]" started-at="2022-02-22T13:12:21 BDT" name="tearDown" finished-at="2022-02-22T13:12:21 BDT" duration-ms="771" status="PASS">
          <reporter-output>
          </reporter-output>
        </test-method> <!-- tearDown -->
        <test-method is-config="true" signature="afterSuit()[pri:0, instance:normalUser.LoginTest@209da20d]" started-at="2022-02-22T13:12:21 BDT" name="afterSuit" finished-at="2022-02-22T13:12:21 BDT" duration-ms="25" status="PASS">
          <reporter-output>
          </reporter-output>
        </test-method> <!-- afterSuit -->
      </class> <!-- normalUser.LoginTest -->
    </test> <!-- Test Suite -->
  </suite> <!-- Parallel test suite -->
</testng-results>
