<?xml version="1.0" encoding="UTF-8"?>
<testng-results ignored="0" total="5" passed="5" failed="0" skipped="0">
  <reporter-output>
  </reporter-output>
  <suite started-at="2022-01-12T16:36:29 BDT" name="Parallel test suite" finished-at="2022-01-12T16:37:40 BDT" duration-ms="70551">
    <groups>
    </groups>
    <test started-at="2022-01-12T16:36:29 BDT" name="Super Admin" finished-at="2022-01-12T16:37:40 BDT" duration-ms="70551">
      <class name="superAdmin.Login">
        <test-method is-config="true" signature="beforeSuit()[pri:0, instance:superAdmin.Login@8dbdac1]" started-at="2022-01-12T16:36:29 BDT" name="beforeSuit" finished-at="2022-01-12T16:36:29 BDT" duration-ms="7" status="PASS">
          <reporter-output>
          </reporter-output>
        </test-method> <!-- beforeSuit -->
        <test-method is-config="true" signature="setup(java.lang.String)[pri:0, instance:superAdmin.Login@8dbdac1]" started-at="2022-01-12T16:36:29 BDT" name="setup" finished-at="2022-01-12T16:36:37 BDT" duration-ms="7496" status="PASS">
          <params>
            <param index="0">
              <value>
                <![CDATA[chrome]]>
              </value>
            </param>
          </params>
          <reporter-output>
          </reporter-output>
        </test-method> <!-- setup -->
        <test-method is-config="true" signature="openBrowser()[pri:0, instance:superAdmin.Login@8dbdac1]" started-at="2022-01-12T16:36:37 BDT" name="openBrowser" finished-at="2022-01-12T16:37:10 BDT" duration-ms="33125" status="PASS">
          <reporter-output>
          </reporter-output>
        </test-method> <!-- openBrowser -->
        <test-method signature="verifyElemntsOnPageTest()[pri:1, instance:superAdmin.Login@8dbdac1]" started-at="2022-01-12T16:37:10 BDT" name="verifyElemntsOnPageTest" finished-at="2022-01-12T16:37:10 BDT" duration-ms="188" status="PASS">
          <reporter-output>
          </reporter-output>
        </test-method> <!-- verifyElemntsOnPageTest -->
        <test-method is-config="true" signature="openBrowser()[pri:0, instance:superAdmin.Login@8dbdac1]" started-at="2022-01-12T16:37:10 BDT" name="openBrowser" finished-at="2022-01-12T16:37:14 BDT" duration-ms="3746" status="PASS">
          <reporter-output>
          </reporter-output>
        </test-method> <!-- openBrowser -->
        <test-method signature="verifyLogin()[pri:2, instance:superAdmin.Login@8dbdac1]" started-at="2022-01-12T16:37:14 BDT" name="verifyLogin" finished-at="2022-01-12T16:37:20 BDT" duration-ms="5717" status="PASS">
          <reporter-output>
          </reporter-output>
        </test-method> <!-- verifyLogin -->
        <test-method is-config="true" signature="openBrowser()[pri:0, instance:superAdmin.Login@8dbdac1]" started-at="2022-01-12T16:37:20 BDT" name="openBrowser" finished-at="2022-01-12T16:37:23 BDT" duration-ms="3362" status="PASS">
          <reporter-output>
          </reporter-output>
        </test-method> <!-- openBrowser -->
        <test-method signature="loginWithoutUsername()[pri:3, instance:superAdmin.Login@8dbdac1]" started-at="2022-01-12T16:37:23 BDT" name="loginWithoutUsername" finished-at="2022-01-12T16:37:25 BDT" duration-ms="1663" status="PASS">
          <reporter-output>
          </reporter-output>
        </test-method> <!-- loginWithoutUsername -->
        <test-method is-config="true" signature="openBrowser()[pri:0, instance:superAdmin.Login@8dbdac1]" started-at="2022-01-12T16:37:25 BDT" name="openBrowser" finished-at="2022-01-12T16:37:28 BDT" duration-ms="3595" status="PASS">
          <reporter-output>
          </reporter-output>
        </test-method> <!-- openBrowser -->
        <test-method signature="loginWithoutPassword()[pri:4, instance:superAdmin.Login@8dbdac1]" started-at="2022-01-12T16:37:28 BDT" name="loginWithoutPassword" finished-at="2022-01-12T16:37:30 BDT" duration-ms="1900" status="PASS">
          <reporter-output>
          </reporter-output>
        </test-method> <!-- loginWithoutPassword -->
        <test-method is-config="true" signature="openBrowser()[pri:0, instance:superAdmin.Login@8dbdac1]" started-at="2022-01-12T16:37:30 BDT" name="openBrowser" finished-at="2022-01-12T16:37:34 BDT" duration-ms="3600" status="PASS">
          <reporter-output>
          </reporter-output>
        </test-method> <!-- openBrowser -->
        <test-method signature="invalidLoginInfo()[pri:5, instance:superAdmin.Login@8dbdac1]" started-at="2022-01-12T16:37:34 BDT" name="invalidLoginInfo" finished-at="2022-01-12T16:37:40 BDT" duration-ms="5780" status="PASS">
          <reporter-output>
          </reporter-output>
        </test-method> <!-- invalidLoginInfo -->
        <test-method is-config="true" signature="tearDown()[pri:0, instance:superAdmin.Login@8dbdac1]" started-at="2022-01-12T16:37:40 BDT" name="tearDown" finished-at="2022-01-12T16:37:40 BDT" duration-ms="333" status="PASS">
          <reporter-output>
          </reporter-output>
        </test-method> <!-- tearDown -->
        <test-method is-config="true" signature="afterSuit()[pri:0, instance:superAdmin.Login@8dbdac1]" started-at="2022-01-12T16:37:40 BDT" name="afterSuit" finished-at="2022-01-12T16:37:40 BDT" duration-ms="1" status="PASS">
          <reporter-output>
          </reporter-output>
        </test-method> <!-- afterSuit -->
      </class> <!-- superAdmin.Login -->
    </test> <!-- Super Admin -->
  </suite> <!-- Parallel test suite -->
</testng-results>
